<?xml version="1.0" encoding="UTF-8" standalone="yes"?><!DOCTYPE report PUBLIC "-//JACOCO//DTD Report 1.1//EN" "report.dtd"><report name="swing-tree"><sessioninfo id="DESKTOP-6UFJ24U-c9e25716" start="1670452925366" dump="1670452942151"/><package name="com/globaltcad/swingtree/input"><class name="com/globaltcad/swingtree/input/Keyboard$1" sourcefilename="Keyboard.java"><method name="&lt;init&gt;" desc="(Lcom/globaltcad/swingtree/input/Keyboard;)V" line="58"><counter type="INSTRUCTION" missed="6" covered="0"/><counter type="LINE" missed="1" covered="0"/><counter type="COMPLEXITY" missed="1" covered="0"/><counter type="METHOD" missed="1" covered="0"/></method><method name="dispatchKeyEvent" desc="(Ljava/awt/event/KeyEvent;)Z" line="61"><counter type="INSTRUCTION" missed="26" covered="0"/><counter type="BRANCH" missed="3" covered="0"/><counter type="LINE" missed="6" covered="0"/><counter type="COMPLEXITY" missed="3" covered="0"/><counter type="METHOD" missed="1" covered="0"/></method><counter type="INSTRUCTION" missed="32" covered="0"/><counter type="BRANCH" missed="3" covered="0"/><counter type="LINE" missed="7" covered="0"/><counter type="COMPLEXITY" missed="4" covered="0"/><counter type="METHOD" missed="2" covered="0"/><counter type="CLASS" missed="1" covered="0"/></class><class name="com/globaltcad/swingtree/input/Keyboard$Key" sourcefilename="Keyboard.java"><method name="&lt;init&gt;" desc="(Ljava/lang/String;II)V" line="40"><counter type="INSTRUCTION" missed="0" covered="8"/><counter type="LINE" missed="0" covered="1"/><counter type="COMPLEXITY" missed="0" covered="1"/><counter type="METHOD" missed="0" covered="1"/></method><method name="isPressed" desc="()Z" line="42"><counter type="INSTRUCTION" missed="4" covered="0"/><counter type="LINE" missed="1" covered="0"/><counter type="COMPLEXITY" missed="1" covered="0"/><counter type="METHOD" missed="1" covered="0"/></method><method name="&lt;clinit&gt;" desc="()V" line="21"><counter type="INSTRUCTION" missed="0" covered="565"/><counter type="LINE" missed="0" covered="13"/><counter type="COMPLEXITY" missed="0" covered="1"/><counter type="METHOD" missed="0" covered="1"/></method><counter type="INSTRUCTION" missed="4" covered="573"/><counter type="LINE" missed="1" covered="14"/><counter type="COMPLEXITY" missed="1" covered="2"/><counter type="METHOD" missed="1" covered="2"/><counter type="CLASS" missed="0" covered="1"/></class><class name="com/globaltcad/swingtree/input/Keyboard" sourcefilename="Keyboard.java"><method name="get" desc="()Lcom/globaltcad/swingtree/input/Keyboard;" line="19"><counter type="INSTRUCTION" missed="2" covered="0"/><counter type="LINE" missed="1" covered="0"/><counter type="COMPLEXITY" missed="1" covered="0"/><counter type="METHOD" missed="1" covered="0"/></method><method name="isPressed" desc="(Lcom/globaltcad/swingtree/input/Keyboard$Key;)Z" line="54"><counter type="INSTRUCTION" missed="11" covered="0"/><counter type="LINE" missed="1" covered="0"/><counter type="COMPLEXITY" missed="1" covered="0"/><counter type="METHOD" missed="1" covered="0"/></method><method name="&lt;init&gt;" desc="()V" line="46"><counter type="INSTRUCTION" missed="14" covered="0"/><counter type="LINE" missed="4" covered="0"/><counter type="COMPLEXITY" missed="1" covered="0"/><counter type="METHOD" missed="1" covered="0"/></method><method name="_fromKeyEvent" desc="(Ljava/awt/event/KeyEvent;)Lcom/globaltcad/swingtree/input/Keyboard$Key;" line="78"><counter type="INSTRUCTION" missed="25" covered="0"/><counter type="BRANCH" missed="4" covered="0"/><counter type="LINE" missed="4" covered="0"/><counter type="COMPLEXITY" missed="3" covered="0"/><counter type="METHOD" missed="1" covered="0"/></method><method name="&lt;clinit&gt;" desc="()V" line="17"><counter type="INSTRUCTION" missed="5" covered="0"/><counter type="LINE" missed="1" covered="0"/><counter type="COMPLEXITY" missed="1" covered="0"/><counter type="METHOD" missed="1" covered="0"/></method><counter type="INSTRUCTION" missed="57" covered="0"/><counter type="BRANCH" missed="4" covered="0"/><counter type="LINE" missed="11" covered="0"/><counter type="COMPLEXITY" missed="7" covered="0"/><counter type="METHOD" missed="5" covered="0"/><counter type="CLASS" missed="1" covered="0"/></class><sourcefile name="Keyboard.java"><line nr="17" mi="5" ci="0" mb="0" cb="0"/><line nr="19" mi="2" ci="0" mb="0" cb="0"/><line nr="21" mi="0" ci="208" mb="0" cb="0"/><line nr="23" mi="0" ci="42" mb="0" cb="0"/><line nr="24" mi="0" ci="42" mb="0" cb="0"/><line nr="25" mi="0" ci="42" mb="0" cb="0"/><line nr="26" mi="0" ci="42" mb="0" cb="0"/><line nr="27" mi="0" ci="14" mb="0" cb="0"/><line nr="29" mi="0" ci="28" mb="0" cb="0"/><line nr="30" mi="0" ci="28" mb="0" cb="0"/><line nr="32" mi="0" ci="35" mb="0" cb="0"/><line nr="33" mi="0" ci="35" mb="0" cb="0"/><line nr="34" mi="0" ci="7" mb="0" cb="0"/><line nr="35" mi="0" ci="28" mb="0" cb="0"/><line nr="36" mi="0" ci="14" mb="0" cb="0"/><line nr="40" mi="0" ci="8" mb="0" cb="0"/><line nr="42" mi="4" ci="0" mb="0" cb="0"/><line nr="46" mi="5" ci="0" mb="0" cb="0"/><line nr="54" mi="11" ci="0" mb="0" cb="0"/><line nr="57" mi="2" ci="0" mb="0" cb="0"/><line nr="58" mi="12" ci="0" mb="0" cb="0"/><line nr="61" mi="4" ci="0" mb="0" cb="0"/><line nr="62" mi="3" ci="0" mb="3" cb="0"/><line nr="64" mi="7" ci="0" mb="0" cb="0"/><line nr="65" mi="1" ci="0" mb="0" cb="0"/><line nr="68" mi="7" ci="0" mb="0" cb="0"/><line nr="71" mi="4" ci="0" mb="0" cb="0"/><line nr="75" mi="1" ci="0" mb="0" cb="0"/><line nr="78" mi="16" ci="0" mb="2" cb="0"/><line nr="79" mi="5" ci="0" mb="2" cb="0"/><line nr="80" mi="2" ci="0" mb="0" cb="0"/><line nr="83" mi="2" ci="0" mb="0" cb="0"/><counter type="INSTRUCTION" missed="93" covered="573"/><counter type="BRANCH" missed="7" covered="0"/><counter type="LINE" missed="18" covered="14"/><counter type="COMPLEXITY" missed="12" covered="2"/><counter type="METHOD" missed="8" covered="2"/><counter type="CLASS" missed="2" covered="1"/></sourcefile><counter type="INSTRUCTION" missed="93" covered="573"/><counter type="BRANCH" missed="7" covered="0"/><counter type="LINE" missed="18" covered="14"/><counter type="COMPLEXITY" missed="12" covered="2"/><counter type="METHOD" missed="8" covered="2"/><counter type="CLASS" missed="2" covered="1"/></package><package name="com/globaltcad/swingtree/api"><class name="com/globaltcad/swingtree/api/UIVerifier" sourcefilename="UIVerifier.java"/><class name="com/globaltcad/swingtree/api/SwingBuilder" sourcefilename="SwingBuilder.java"/><class name="com/globaltcad/swingtree/api/UIAction" sourcefilename="UIAction.java"/><class name="com/globaltcad/swingtree/api/Buildable" sourcefilename="Buildable.java"/><class name="com/globaltcad/swingtree/api/ListEntryRenderer" sourcefilename="ListEntryRenderer.java"/><class name="com/globaltcad/swingtree/api/ListEntryDelegate" sourcefilename="ListEntryDelegate.java"/><class name="com/globaltcad/swingtree/api/MenuBuilder" sourcefilename="MenuBuilder.java"/><class name="com/globaltcad/swingtree/api/Peeker" sourcefilename="Peeker.java"/><sourcefile name="ListEntryDelegate.java"/><sourcefile name="UIAction.java"/><sourcefile name="MenuBuilder.java"/><sourcefile name="Peeker.java"/><sourcefile name="SwingBuilder.java"/><sourcefile name="UIVerifier.java"/><sourcefile name="Buildable.java"/><sourcefile name="ListEntryRenderer.java"/></package><package name="com/globaltcad/swingtree"><class name="com/globaltcad/swingtree/Query" sourcefilename="Query.java"><method name="&lt;init&gt;" desc="(Ljava/awt/Component;)V" line="10"><counter type="INSTRUCTION" missed="0" covered="11"/><counter type="LINE" missed="0" covered="2"/><counter type="COMPLEXITY" missed="0" covered="1"/><counter type="METHOD" missed="0" covered="1"/></method><method name="find" desc="(Ljava/lang/Class;Ljava/lang/String;)Lcom/globaltcad/swingtree/OptionalUI;" line="15"><counter type="INSTRUCTION" missed="0" covered="41"/><counter type="BRANCH" missed="0" covered="2"/><counter type="LINE" missed="0" covered="11"/><counter type="COMPLEXITY" missed="0" covered="2"/><counter type="METHOD" missed="0" covered="1"/></method><method name="traverseUpwards" desc="(Ljava/awt/Component;Ljava/util/List;)Ljava/util/List;" line="31"><counter type="INSTRUCTION" missed="6" covered="13"/><counter type="BRANCH" missed="1" covered="1"/><counter type="LINE" missed="1" covered="4"/><counter type="COMPLEXITY" missed="1" covered="1"/><counter type="METHOD" missed="0" covered="1"/></method><method name="_findRootParentOf" desc="(Ljava/awt/Component;)Ljava/awt/Component;" line="41"><counter type="INSTRUCTION" missed="0" covered="14"/><counter type="BRANCH" missed="0" covered="2"/><counter type="LINE" missed="0" covered="4"/><counter type="COMPLEXITY" missed="0" covered="2"/><counter type="METHOD" missed="0" covered="1"/></method><method name="_acknowledgesParenthood" desc="(Ljava/awt/Component;Ljava/awt/Component;)Z" line="49"><counter type="INSTRUCTION" missed="0" covered="30"/><counter type="BRANCH" missed="1" covered="5"/><counter type="LINE" missed="0" covered="6"/><counter type="COMPLEXITY" missed="1" covered="3"/><counter type="METHOD" missed="0" covered="1"/></method><method name="_traverseDownwardsAndFillTree" desc="(Ljava/awt/Component;)V" line="60"><counter type="INSTRUCTION" missed="1" covered="45"/><counter type="BRANCH" missed="3" covered="5"/><counter type="LINE" missed="0" covered="9"/><counter type="COMPLEXITY" missed="3" covered="2"/><counter type="METHOD" missed="0" covered="1"/></method><method name="lambda$_traverseDownwardsAndFillTree$2" desc="(Ljava/lang/String;)Ljava/util/List;" line="62"><counter type="INSTRUCTION" missed="0" covered="4"/><counter type="LINE" missed="0" covered="1"/><counter type="COMPLEXITY" missed="0" covered="1"/><counter type="METHOD" missed="0" covered="1"/></method><method name="lambda$find$1" desc="(Ljava/awt/Component;)Ljava/awt/Component;" line="23"><counter type="INSTRUCTION" missed="0" covered="2"/><counter type="LINE" missed="0" covered="1"/><counter type="COMPLEXITY" missed="0" covered="1"/><counter type="METHOD" missed="0" covered="1"/></method><method name="lambda$find$0" desc="(Ljava/lang/Class;Ljava/awt/Component;)Z" line="22"><counter type="INSTRUCTION" missed="0" covered="5"/><counter type="LINE" missed="0" covered="1"/><counter type="COMPLEXITY" missed="0" covered="1"/><counter type="METHOD" missed="0" covered="1"/></method><counter type="INSTRUCTION" missed="7" covered="165"/><counter type="BRANCH" missed="5" covered="15"/><counter type="LINE" missed="1" covered="36"/><counter type="COMPLEXITY" missed="5" covered="14"/><counter type="METHOD" missed="0" covered="9"/><counter type="CLASS" missed="0" covered="1"/></class><class name="com/globaltcad/swingtree/UIForLabel$1" sourcefilename="UIForLabel.java"><method name="&lt;init&gt;" desc="(Lcom/globaltcad/swingtree/UIForLabel;Lcom/globaltcad/swingtree/api/mvvm/Val;Ljavax/swing/JLabel;Lcom/globaltcad/swingtree/LazyRef;)V" line="63"><counter type="INSTRUCTION" missed="0" covered="15"/><counter type="LINE" missed="0" covered="1"/><counter type="COMPLEXITY" missed="0" covered="1"/><counter type="METHOD" missed="0" covered="1"/></method><method name="mouseClicked" desc="(Ljava/awt/event/MouseEvent;)V" line="67"><counter type="INSTRUCTION" missed="34" covered="0"/><counter type="BRANCH" missed="4" covered="0"/><counter type="LINE" missed="8" covered="0"/><counter type="COMPLEXITY" missed="3" covered="0"/><counter type="METHOD" missed="1" covered="0"/></method><method name="mouseExited" desc="(Ljava/awt/event/MouseEvent;)V" line="75"><counter type="INSTRUCTION" missed="8" covered="0"/><counter type="LINE" missed="1" covered="0"/><counter type="COMPLEXITY" missed="1" covered="0"/><counter type="METHOD" missed="1" covered="0"/></method><method name="mouseEntered" desc="(Ljava/awt/event/MouseEvent;)V" line="78"><counter type="INSTRUCTION" missed="17" covered="0"/><counter type="LINE" missed="2" covered="0"/><counter type="COMPLEXITY" missed="1" covered="0"/><counter type="METHOD" missed="1" covered="0"/></method><counter type="INSTRUCTION" missed="59" covered="15"/><counter type="BRANCH" missed="4" covered="0"/><counter type="LINE" missed="11" covered="1"/><counter type="COMPLEXITY" missed="5" covered="1"/><counter type="METHOD" missed="3" covered="1"/><counter type="CLASS" missed="0" covered="1"/></class><class name="com/globaltcad/swingtree/UI$OverflowPolicy" sourcefilename="UI.java"><method name="forTabbedPane" desc="()I" line="241"><counter type="INSTRUCTION" missed="13" covered="0"/><counter type="BRANCH" missed="3" covered="0"/><counter type="LINE" missed="4" covered="0"/><counter type="COMPLEXITY" missed="3" covered="0"/><counter type="METHOD" missed="1" covered="0"/></method><method name="&lt;clinit&gt;" desc="()V" line="237"><counter type="INSTRUCTION" missed="0" covered="24"/><counter type="LINE" missed="0" covered="2"/><counter type="COMPLEXITY" missed="0" covered="1"/><counter type="METHOD" missed="0" covered="1"/></method><counter type="INSTRUCTION" missed="13" covered="24"/><counter type="BRANCH" missed="3" covered="0"/><counter type="LINE" missed="4" covered="2"/><counter type="COMPLEXITY" missed="3" covered="1"/><counter type="METHOD" missed="1" covered="1"/><counter type="CLASS" missed="0" covered="1"/></class><class name="com/globaltcad/swingtree/UI" sourcefilename="UI.java"><method name="SETTINGS" desc="()Lcom/globaltcad/swingtree/Settings;" line="48"><counter type="INSTRUCTION" missed="0" covered="15"/><counter type="BRANCH" missed="0" covered="2"/><counter type="LINE" missed="0" covered="5"/><counter type="COMPLEXITY" missed="0" covered="2"/><counter type="METHOD" missed="0" covered="1"/></method><method name="use" desc="(Lcom/globaltcad/swingtree/EventProcessor;Ljava/util/function/Supplier;)Ljava/lang/Object;" line="58"><counter type="INSTRUCTION" missed="6" covered="23"/><counter type="BRANCH" missed="0" covered="2"/><counter type="LINE" missed="2" covered="7"/><counter type="COMPLEXITY" missed="0" covered="2"/><counter type="METHOD" missed="0" covered="1"/></method><method name="processEvents" desc="()V" line="77"><counter type="INSTRUCTION" missed="3" covered="5"/><counter type="LINE" missed="2" covered="3"/><counter type="COMPLEXITY" missed="0" covered="1"/><counter type="METHOD" missed="0" covered="1"/></method><method name="processEventsUntilException" desc="()V" line="84"><counter type="INSTRUCTION" missed="0" covered="4"/><counter type="LINE" missed="0" covered="2"/><counter type="COMPLEXITY" missed="0" covered="1"/><counter type="METHOD" missed="0" covered="1"/></method><method name="INS" desc="(I)Lcom/globaltcad/swingtree/layout/LayoutAttr;" line="91"><counter type="INSTRUCTION" missed="0" covered="15"/><counter type="LINE" missed="0" covered="1"/><counter type="COMPLEXITY" missed="0" covered="1"/><counter type="METHOD" missed="0" covered="1"/></method><method name="INSETS" desc="(I)Lcom/globaltcad/swingtree/layout/LayoutAttr;" line="92"><counter type="INSTRUCTION" missed="15" covered="0"/><counter type="LINE" missed="1" covered="0"/><counter type="COMPLEXITY" missed="1" covered="0"/><counter type="METHOD" missed="1" covered="0"/></method><method name="INS" desc="(IIII)Lcom/globaltcad/swingtree/layout/LayoutAttr;" line="93"><counter type="INSTRUCTION" missed="27" covered="0"/><counter type="LINE" missed="1" covered="0"/><counter type="COMPLEXITY" missed="1" covered="0"/><counter type="METHOD" missed="1" covered="0"/></method><method name="INSETS" desc="(IIII)Lcom/globaltcad/swingtree/layout/LayoutAttr;" line="94"><counter type="INSTRUCTION" missed="27" covered="0"/><counter type="LINE" missed="1" covered="0"/><counter type="COMPLEXITY" missed="1" covered="0"/><counter type="METHOD" missed="1" covered="0"/></method><method name="WRAP" desc="(I)Lcom/globaltcad/swingtree/layout/LayoutAttr;" line="95"><counter type="INSTRUCTION" missed="0" covered="15"/><counter type="LINE" missed="0" covered="1"/><counter type="COMPLEXITY" missed="0" covered="1"/><counter type="METHOD" missed="0" covered="1"/></method><method name="SPAN" desc="(I)Lcom/globaltcad/swingtree/layout/CompAttr;" line="104"><counter type="INSTRUCTION" missed="15" covered="0"/><counter type="LINE" missed="1" covered="0"/><counter type="COMPLEXITY" missed="1" covered="0"/><counter type="METHOD" missed="1" covered="0"/></method><method name="SPAN" desc="(II)Lcom/globaltcad/swingtree/layout/CompAttr;" line="105"><counter type="INSTRUCTION" missed="19" covered="0"/><counter type="LINE" missed="1" covered="0"/><counter type="COMPLEXITY" missed="1" covered="0"/><counter type="METHOD" missed="1" covered="0"/></method><method name="SPAN_X" desc="(I)Lcom/globaltcad/swingtree/layout/CompAttr;" line="106"><counter type="INSTRUCTION" missed="15" covered="0"/><counter type="LINE" missed="1" covered="0"/><counter type="COMPLEXITY" missed="1" covered="0"/><counter type="METHOD" missed="1" covered="0"/></method><method name="SPAN_Y" desc="(I)Lcom/globaltcad/swingtree/layout/CompAttr;" line="107"><counter type="INSTRUCTION" missed="15" covered="0"/><counter type="LINE" missed="1" covered="0"/><counter type="COMPLEXITY" missed="1" covered="0"/><counter type="METHOD" missed="1" covered="0"/></method><method name="GROW" desc="(I)Lcom/globaltcad/swingtree/layout/CompAttr;" line="111"><counter type="INSTRUCTION" missed="15" covered="0"/><counter type="LINE" missed="1" covered="0"/><counter type="COMPLEXITY" missed="1" covered="0"/><counter type="METHOD" missed="1" covered="0"/></method><method name="GROW_X" desc="(I)Lcom/globaltcad/swingtree/layout/CompAttr;" line="112"><counter type="INSTRUCTION" missed="15" covered="0"/><counter type="LINE" missed="1" covered="0"/><counter type="COMPLEXITY" missed="1" covered="0"/><counter type="METHOD" missed="1" covered="0"/></method><method name="GROW_Y" desc="(I)Lcom/globaltcad/swingtree/layout/CompAttr;" line="113"><counter type="INSTRUCTION" missed="15" covered="0"/><counter type="LINE" missed="1" covered="0"/><counter type="COMPLEXITY" missed="1" covered="0"/><counter type="METHOD" missed="1" covered="0"/></method><method name="SHRINK" desc="(I)Lcom/globaltcad/swingtree/layout/CompAttr;" line="117"><counter type="INSTRUCTION" missed="15" covered="0"/><counter type="LINE" missed="1" covered="0"/><counter type="COMPLEXITY" missed="1" covered="0"/><counter type="METHOD" missed="1" covered="0"/></method><method name="SHRINK_X" desc="(I)Lcom/globaltcad/swingtree/layout/CompAttr;" line="118"><counter type="INSTRUCTION" missed="15" covered="0"/><counter type="LINE" missed="1" covered="0"/><counter type="COMPLEXITY" missed="1" covered="0"/><counter type="METHOD" missed="1" covered="0"/></method><method name="SHRINK_Y" desc="(I)Lcom/globaltcad/swingtree/layout/CompAttr;" line="119"><counter type="INSTRUCTION" missed="15" covered="0"/><counter type="LINE" missed="1" covered="0"/><counter type="COMPLEXITY" missed="1" covered="0"/><counter type="METHOD" missed="1" covered="0"/></method><method name="SHRINK_PRIO" desc="(I)Lcom/globaltcad/swingtree/layout/CompAttr;" line="120"><counter type="INSTRUCTION" missed="15" covered="0"/><counter type="LINE" missed="1" covered="0"/><counter type="COMPLEXITY" missed="1" covered="0"/><counter type="METHOD" missed="1" covered="0"/></method><method name="PUSH" desc="(I)Lcom/globaltcad/swingtree/layout/CompAttr;" line="124"><counter type="INSTRUCTION" missed="15" covered="0"/><counter type="LINE" missed="1" covered="0"/><counter type="COMPLEXITY" missed="1" covered="0"/><counter type="METHOD" missed="1" covered="0"/></method><method name="PUSH_X" desc="(I)Lcom/globaltcad/swingtree/layout/CompAttr;" line="125"><counter type="INSTRUCTION" missed="15" covered="0"/><counter type="LINE" missed="1" covered="0"/><counter type="COMPLEXITY" missed="1" covered="0"/><counter type="METHOD" missed="1" covered="0"/></method><method name="PUSH_Y" desc="(I)Lcom/globaltcad/swingtree/layout/CompAttr;" line="126"><counter type="INSTRUCTION" missed="15" covered="0"/><counter type="LINE" missed="1" covered="0"/><counter type="COMPLEXITY" missed="1" covered="0"/><counter type="METHOD" missed="1" covered="0"/></method><method name="SKIP" desc="(I)Lcom/globaltcad/swingtree/layout/CompAttr;" line="127"><counter type="INSTRUCTION" missed="15" covered="0"/><counter type="LINE" missed="1" covered="0"/><counter type="COMPLEXITY" missed="1" covered="0"/><counter type="METHOD" missed="1" covered="0"/></method><method name="SPLIT" desc="(I)Lcom/globaltcad/swingtree/layout/CompAttr;" line="128"><counter type="INSTRUCTION" missed="15" covered="0"/><counter type="LINE" missed="1" covered="0"/><counter type="COMPLEXITY" missed="1" covered="0"/><counter type="METHOD" missed="1" covered="0"/></method><method name="WIDTH" desc="(III)Lcom/globaltcad/swingtree/layout/CompAttr;" line="129"><counter type="INSTRUCTION" missed="0" covered="23"/><counter type="LINE" missed="0" covered="1"/><counter type="COMPLEXITY" missed="0" covered="1"/><counter type="METHOD" missed="0" covered="1"/></method><method name="HEIGHT" desc="(III)Lcom/globaltcad/swingtree/layout/CompAttr;" line="130"><counter type="INSTRUCTION" missed="23" covered="0"/><counter type="LINE" missed="1" covered="0"/><counter type="COMPLEXITY" missed="1" covered="0"/><counter type="METHOD" missed="1" covered="0"/></method><method name="PAD" desc="(I)Lcom/globaltcad/swingtree/layout/CompAttr;" line="131"><counter type="INSTRUCTION" missed="6" covered="0"/><counter type="LINE" missed="1" covered="0"/><counter type="COMPLEXITY" missed="1" covered="0"/><counter type="METHOD" missed="1" covered="0"/></method><method name="PAD" desc="(IIII)Lcom/globaltcad/swingtree/layout/CompAttr;" line="132"><counter type="INSTRUCTION" missed="27" covered="0"/><counter type="LINE" missed="1" covered="0"/><counter type="COMPLEXITY" missed="1" covered="0"/><counter type="METHOD" missed="1" covered="0"/></method><method name="DOCK" desc="(Lcom/globaltcad/swingtree/UI$Position;)Lcom/globaltcad/swingtree/layout/CompAttr;" line="144"><counter type="INSTRUCTION" missed="16" covered="0"/><counter type="LINE" missed="1" covered="0"/><counter type="COMPLEXITY" missed="1" covered="0"/><counter type="METHOD" missed="1" covered="0"/></method><method name="icon" desc="(Ljava/lang/String;)Ljavax/swing/Icon;" line="153"><counter type="INSTRUCTION" missed="6" covered="41"/><counter type="BRANCH" missed="2" covered="4"/><counter type="LINE" missed="2" covered="9"/><counter type="COMPLEXITY" missed="2" covered="2"/><counter type="METHOD" missed="0" covered="1"/></method><method name="of" desc="(Ljavax/swing/JComponent;)Lcom/globaltcad/swingtree/UIForSwing;" line="391"><counter type="INSTRUCTION" missed="0" covered="11"/><counter type="LINE" missed="0" covered="2"/><counter type="COMPLEXITY" missed="0" covered="1"/><counter type="METHOD" missed="0" covered="1"/></method><method name="of" desc="(Lcom/globaltcad/swingtree/api/SwingBuilder;)Lcom/globaltcad/swingtree/UIForSwing;" line="407"><counter type="INSTRUCTION" missed="10" covered="0"/><counter type="LINE" missed="2" covered="0"/><counter type="COMPLEXITY" missed="1" covered="0"/><counter type="METHOD" missed="1" covered="0"/></method><method name="of" desc="(Lcom/globaltcad/swingtree/api/MenuBuilder;)Lcom/globaltcad/swingtree/UIForMenuItem;" line="422"><counter type="INSTRUCTION" missed="12" covered="0"/><counter type="LINE" missed="2" covered="0"/><counter type="COMPLEXITY" missed="1" covered="0"/><counter type="METHOD" missed="1" covered="0"/></method><method name="of" desc="(Ljavax/swing/JPopupMenu;)Lcom/globaltcad/swingtree/UIForPopup;" line="433"><counter type="INSTRUCTION" missed="0" covered="11"/><counter type="LINE" missed="0" covered="2"/><counter type="COMPLEXITY" missed="0" covered="1"/><counter type="METHOD" missed="0" covered="1"/></method><method name="popupMenu" desc="()Lcom/globaltcad/swingtree/UIForPopup;" line="443"><counter type="INSTRUCTION" missed="0" covered="5"/><counter type="LINE" missed="0" covered="1"/><counter type="COMPLEXITY" missed="0" covered="1"/><counter type="METHOD" missed="0" covered="1"/></method><method name="of" desc="(Ljavax/swing/JSeparator;)Lcom/globaltcad/swingtree/UIForSeparator;" line="454"><counter type="INSTRUCTION" missed="0" covered="11"/><counter type="LINE" missed="0" covered="2"/><counter type="COMPLEXITY" missed="0" covered="1"/><counter type="METHOD" missed="0" covered="1"/></method><method name="separator" desc="()Lcom/globaltcad/swingtree/UIForSeparator;" line="465"><counter type="INSTRUCTION" missed="0" covered="5"/><counter type="LINE" missed="0" covered="1"/><counter type="COMPLEXITY" missed="0" covered="1"/><counter type="METHOD" missed="0" covered="1"/></method><method name="separator" desc="(Lcom/globaltcad/swingtree/UI$Align;)Lcom/globaltcad/swingtree/UIForSeparator;" line="476"><counter type="INSTRUCTION" missed="0" covered="10"/><counter type="LINE" missed="0" covered="2"/><counter type="COMPLEXITY" missed="0" covered="1"/><counter type="METHOD" missed="0" covered="1"/></method><method name="separator" desc="(Lcom/globaltcad/swingtree/api/mvvm/Val;)Lcom/globaltcad/swingtree/UIForSeparator;" line="488"><counter type="INSTRUCTION" missed="10" covered="0"/><counter type="LINE" missed="2" covered="0"/><counter type="COMPLEXITY" missed="1" covered="0"/><counter type="METHOD" missed="1" covered="0"/></method><method name="of" desc="(Ljavax/swing/AbstractButton;)Lcom/globaltcad/swingtree/UIForButton;" line="500"><counter type="INSTRUCTION" missed="0" covered="11"/><counter type="LINE" missed="0" covered="2"/><counter type="COMPLEXITY" missed="0" covered="1"/><counter type="METHOD" missed="0" covered="1"/></method><method name="button" desc="()Lcom/globaltcad/swingtree/UIForButton;" line="510"><counter type="INSTRUCTION" missed="0" covered="5"/><counter type="LINE" missed="0" covered="1"/><counter type="COMPLEXITY" missed="0" covered="1"/><counter type="METHOD" missed="0" covered="1"/></method><method name="button" desc="(Ljava/lang/String;)Lcom/globaltcad/swingtree/UIForButton;" line="518"><counter type="INSTRUCTION" missed="0" covered="6"/><counter type="LINE" missed="0" covered="1"/><counter type="COMPLEXITY" missed="0" covered="1"/><counter type="METHOD" missed="0" covered="1"/></method><method name="button" desc="(Lcom/globaltcad/swingtree/api/mvvm/Val;)Lcom/globaltcad/swingtree/UIForButton;" line="527"><counter type="INSTRUCTION" missed="0" covered="14"/><counter type="LINE" missed="0" covered="2"/><counter type="COMPLEXITY" missed="0" covered="1"/><counter type="METHOD" missed="0" covered="1"/></method><method name="button" desc="(Ljavax/swing/Icon;)Lcom/globaltcad/swingtree/UIForButton;" line="539"><counter type="INSTRUCTION" missed="12" covered="0"/><counter type="LINE" missed="2" covered="0"/><counter type="COMPLEXITY" missed="1" covered="0"/><counter type="METHOD" missed="1" covered="0"/></method><method name="buttonWithIcon" desc="(Lcom/globaltcad/swingtree/api/mvvm/Val;)Lcom/globaltcad/swingtree/UIForButton;" line="551"><counter type="INSTRUCTION" missed="16" covered="0"/><counter type="LINE" missed="3" covered="0"/><counter type="COMPLEXITY" missed="1" covered="0"/><counter type="METHOD" missed="1" covered="0"/></method><method name="button" desc="(Ljavax/swing/Icon;Ljavax/swing/Icon;)Lcom/globaltcad/swingtree/UIForButton;" line="563"><counter type="INSTRUCTION" missed="17" covered="0"/><counter type="LINE" missed="3" covered="0"/><counter type="COMPLEXITY" missed="1" covered="0"/><counter type="METHOD" missed="1" covered="0"/></method><method name="button" desc="(IILjavax/swing/ImageIcon;Ljavax/swing/ImageIcon;)Lcom/globaltcad/swingtree/UIForButton;" line="576"><counter type="INSTRUCTION" missed="0" covered="37"/><counter type="LINE" missed="0" covered="5"/><counter type="COMPLEXITY" missed="0" covered="1"/><counter type="METHOD" missed="0" covered="1"/></method><method name="button" desc="(Ljavax/swing/Icon;Ljavax/swing/Icon;Ljavax/swing/Icon;)Lcom/globaltcad/swingtree/UIForButton;" line="598"><counter type="INSTRUCTION" missed="0" covered="32"/><counter type="LINE" missed="0" covered="6"/><counter type="COMPLEXITY" missed="0" covered="1"/><counter type="METHOD" missed="0" covered="1"/></method><method name="of" desc="(Lcom/alexandriasoftware/swing/JSplitButton;)Lcom/globaltcad/swingtree/UIForSplitButton;" line="613"><counter type="INSTRUCTION" missed="11" covered="0"/><counter type="LINE" missed="2" covered="0"/><counter type="COMPLEXITY" missed="1" covered="0"/><counter type="METHOD" missed="1" covered="0"/></method><method name="splitButton" desc="(Ljava/lang/String;)Lcom/globaltcad/swingtree/UIForSplitButton;" line="632"><counter type="INSTRUCTION" missed="0" covered="14"/><counter type="LINE" missed="0" covered="2"/><counter type="COMPLEXITY" missed="0" covered="1"/><counter type="METHOD" missed="0" covered="1"/></method><method name="splitItem" desc="(Ljava/lang/String;)Lcom/globaltcad/swingtree/SplitItem;" line="652"><counter type="INSTRUCTION" missed="0" covered="9"/><counter type="LINE" missed="0" covered="2"/><counter type="COMPLEXITY" missed="0" covered="1"/><counter type="METHOD" missed="0" covered="1"/></method><method name="splitItem" desc="(Lcom/globaltcad/swingtree/api/mvvm/Val;)Lcom/globaltcad/swingtree/SplitItem;" line="672"><counter type="INSTRUCTION" missed="9" covered="0"/><counter type="LINE" missed="2" covered="0"/><counter type="COMPLEXITY" missed="1" covered="0"/><counter type="METHOD" missed="1" covered="0"/></method><method name="splitRadioItem" desc="(Ljava/lang/String;)Lcom/globaltcad/swingtree/SplitItem;" line="692"><counter type="INSTRUCTION" missed="0" covered="12"/><counter type="LINE" missed="0" covered="2"/><counter type="COMPLEXITY" missed="0" covered="1"/><counter type="METHOD" missed="0" covered="1"/></method><method name="of" desc="(Ljavax/swing/JTabbedPane;)Lcom/globaltcad/swingtree/UIForTabbedPane;" line="704"><counter type="INSTRUCTION" missed="0" covered="11"/><counter type="LINE" missed="0" covered="2"/><counter type="COMPLEXITY" missed="0" covered="1"/><counter type="METHOD" missed="0" covered="1"/></method><method name="tabbedPane" desc="()Lcom/globaltcad/swingtree/UIForTabbedPane;" line="724"><counter type="INSTRUCTION" missed="0" covered="5"/><counter type="LINE" missed="0" covered="1"/><counter type="COMPLEXITY" missed="0" covered="1"/><counter type="METHOD" missed="0" covered="1"/></method><method name="tabbedPane" desc="(Lcom/globaltcad/swingtree/UI$Position;)Lcom/globaltcad/swingtree/UIForTabbedPane;" line="745"><counter type="INSTRUCTION" missed="0" covered="10"/><counter type="LINE" missed="0" covered="2"/><counter type="COMPLEXITY" missed="0" covered="1"/><counter type="METHOD" missed="0" covered="1"/></method><method name="tabbedPane" desc="(Lcom/globaltcad/swingtree/UI$Position;Lcom/globaltcad/swingtree/UI$OverflowPolicy;)Lcom/globaltcad/swingtree/UIForTabbedPane;" line="768"><counter type="INSTRUCTION" missed="18" covered="0"/><counter type="LINE" missed="3" covered="0"/><counter type="COMPLEXITY" missed="1" covered="0"/><counter type="METHOD" missed="1" covered="0"/></method><method name="tabbedPane" desc="(Lcom/globaltcad/swingtree/UI$OverflowPolicy;)Lcom/globaltcad/swingtree/UIForTabbedPane;" line="790"><counter type="INSTRUCTION" missed="12" covered="0"/><counter type="LINE" missed="2" covered="0"/><counter type="COMPLEXITY" missed="1" covered="0"/><counter type="METHOD" missed="1" covered="0"/></method><method name="tabbedPane" desc="(Lcom/globaltcad/swingtree/api/mvvm/Val;)Lcom/globaltcad/swingtree/UIForTabbedPane;" line="816"><counter type="INSTRUCTION" missed="4" covered="0"/><counter type="LINE" missed="1" covered="0"/><counter type="COMPLEXITY" missed="1" covered="0"/><counter type="METHOD" missed="1" covered="0"/></method><method name="tabbedPane" desc="(Lcom/globaltcad/swingtree/api/mvvm/Var;)Lcom/globaltcad/swingtree/UIForTabbedPane;" line="838"><counter type="INSTRUCTION" missed="4" covered="0"/><counter type="LINE" missed="1" covered="0"/><counter type="COMPLEXITY" missed="1" covered="0"/><counter type="METHOD" missed="1" covered="0"/></method><method name="tab" desc="(Ljava/lang/String;)Lcom/globaltcad/swingtree/Tab;" line="856"><counter type="INSTRUCTION" missed="0" covered="20"/><counter type="LINE" missed="0" covered="2"/><counter type="COMPLEXITY" missed="0" covered="1"/><counter type="METHOD" missed="0" covered="1"/></method><method name="tab" desc="(Lcom/globaltcad/swingtree/api/mvvm/Val;)Lcom/globaltcad/swingtree/Tab;" line="861"><counter type="INSTRUCTION" missed="0" covered="19"/><counter type="LINE" missed="0" covered="2"/><counter type="COMPLEXITY" missed="0" covered="1"/><counter type="METHOD" missed="0" covered="1"/></method><method name="tab" desc="(Ljavax/swing/JComponent;)Lcom/globaltcad/swingtree/Tab;" line="880"><counter type="INSTRUCTION" missed="19" covered="0"/><counter type="LINE" missed="2" covered="0"/><counter type="COMPLEXITY" missed="1" covered="0"/><counter type="METHOD" missed="1" covered="0"/></method><method name="tab" desc="(Lcom/globaltcad/swingtree/UIForAbstractSwing;)Lcom/globaltcad/swingtree/Tab;" line="899"><counter type="INSTRUCTION" missed="0" covered="21"/><counter type="LINE" missed="0" covered="2"/><counter type="COMPLEXITY" missed="0" covered="1"/><counter type="METHOD" missed="0" covered="1"/></method><method name="of" desc="(Ljavax/swing/JMenu;)Lcom/globaltcad/swingtree/UIForMenu;" line="910"><counter type="INSTRUCTION" missed="11" covered="0"/><counter type="LINE" missed="2" covered="0"/><counter type="COMPLEXITY" missed="1" covered="0"/><counter type="METHOD" missed="1" covered="0"/></method><method name="of" desc="(Ljavax/swing/JMenuItem;)Lcom/globaltcad/swingtree/UIForMenuItem;" line="921"><counter type="INSTRUCTION" missed="11" covered="0"/><counter type="LINE" missed="2" covered="0"/><counter type="COMPLEXITY" missed="1" covered="0"/><counter type="METHOD" missed="1" covered="0"/></method><method name="menuItem" desc="(Ljava/lang/String;)Lcom/globaltcad/swingtree/UIForMenuItem;" line="930"><counter type="INSTRUCTION" missed="0" covered="14"/><counter type="LINE" missed="0" covered="2"/><counter type="COMPLEXITY" missed="0" covered="1"/><counter type="METHOD" missed="0" covered="1"/></method><method name="menuItem" desc="(Lcom/globaltcad/swingtree/api/mvvm/Val;)Lcom/globaltcad/swingtree/UIForMenuItem;" line="939"><counter type="INSTRUCTION" missed="16" covered="0"/><counter type="LINE" missed="2" covered="0"/><counter type="COMPLEXITY" missed="1" covered="0"/><counter type="METHOD" missed="1" covered="0"/></method><method name="of" desc="(Ljavax/swing/JPanel;)Lcom/globaltcad/swingtree/UIForPanel;" line="950"><counter type="INSTRUCTION" missed="0" covered="11"/><counter type="LINE" missed="0" covered="2"/><counter type="COMPLEXITY" missed="0" covered="1"/><counter type="METHOD" missed="0" covered="1"/></method><method name="panel" desc="()Lcom/globaltcad/swingtree/UIForPanel;" line="961"><counter type="INSTRUCTION" missed="0" covered="10"/><counter type="LINE" missed="0" covered="1"/><counter type="COMPLEXITY" missed="0" covered="1"/><counter type="METHOD" missed="0" covered="1"/></method><method name="panel" desc="(Ljava/lang/String;Ljava/lang/String;Ljava/lang/String;)Lcom/globaltcad/swingtree/UIForPanel;" line="964"><counter type="INSTRUCTION" missed="28" covered="0"/><counter type="LINE" missed="4" covered="0"/><counter type="COMPLEXITY" missed="1" covered="0"/><counter type="METHOD" missed="1" covered="0"/></method><method name="panel" desc="(Ljava/lang/String;Ljava/lang/String;)Lcom/globaltcad/swingtree/UIForPanel;" line="979"><counter type="INSTRUCTION" missed="0" covered="21"/><counter type="LINE" missed="0" covered="3"/><counter type="COMPLEXITY" missed="0" covered="1"/><counter type="METHOD" missed="0" covered="1"/></method><method name="panel" desc="(Ljava/lang/String;)Lcom/globaltcad/swingtree/UIForPanel;" line="993"><counter type="INSTRUCTION" missed="0" covered="14"/><counter type="LINE" missed="0" covered="2"/><counter type="COMPLEXITY" missed="0" covered="1"/><counter type="METHOD" missed="0" covered="1"/></method><method name="panel" desc="(Lcom/globaltcad/swingtree/layout/LayoutAttr;)Lcom/globaltcad/swingtree/UIForPanel;" line="1006"><counter type="INSTRUCTION" missed="0" covered="10"/><counter type="LINE" missed="0" covered="2"/><counter type="COMPLEXITY" missed="0" covered="1"/><counter type="METHOD" missed="0" covered="1"/></method><method name="panel" desc="(Lcom/globaltcad/swingtree/api/mvvm/Val;)Lcom/globaltcad/swingtree/UIForPanel;" line="1020"><counter type="INSTRUCTION" missed="17" covered="6"/><counter type="LINE" missed="2" covered="1"/><counter type="COMPLEXITY" missed="0" covered="1"/><counter type="METHOD" missed="0" covered="1"/></method><method name="of" desc="(Ljavax/swing/JScrollPane;)Lcom/globaltcad/swingtree/UIForScrollPane;" line="1033"><counter type="INSTRUCTION" missed="0" covered="11"/><counter type="LINE" missed="0" covered="2"/><counter type="COMPLEXITY" missed="0" covered="1"/><counter type="METHOD" missed="0" covered="1"/></method><method name="scrollPane" desc="()Lcom/globaltcad/swingtree/UIForScrollPane;" line="1049"><counter type="INSTRUCTION" missed="0" covered="5"/><counter type="LINE" missed="0" covered="1"/><counter type="COMPLEXITY" missed="0" covered="1"/><counter type="METHOD" missed="0" covered="1"/></method><method name="of" desc="(Ljavax/swing/JSplitPane;)Lcom/globaltcad/swingtree/UIForSplitPane;" line="1058"><counter type="INSTRUCTION" missed="0" covered="11"/><counter type="LINE" missed="0" covered="2"/><counter type="COMPLEXITY" missed="0" covered="1"/><counter type="METHOD" missed="0" covered="1"/></method><method name="splitPane" desc="(Lcom/globaltcad/swingtree/UI$Split;)Lcom/globaltcad/swingtree/UIForSplitPane;" line="1079"><counter type="INSTRUCTION" missed="0" covered="13"/><counter type="LINE" missed="0" covered="2"/><counter type="COMPLEXITY" missed="0" covered="1"/><counter type="METHOD" missed="0" covered="1"/></method><method name="of" desc="(Ljavax/swing/JEditorPane;)Lcom/globaltcad/swingtree/UIForEditorPane;" line="1090"><counter type="INSTRUCTION" missed="0" covered="11"/><counter type="LINE" missed="0" covered="2"/><counter type="COMPLEXITY" missed="0" covered="1"/><counter type="METHOD" missed="0" covered="1"/></method><method name="editorPane" desc="()Lcom/globaltcad/swingtree/UIForEditorPane;" line="1100"><counter type="INSTRUCTION" missed="0" covered="5"/><counter type="LINE" missed="0" covered="1"/><counter type="COMPLEXITY" missed="0" covered="1"/><counter type="METHOD" missed="0" covered="1"/></method><method name="of" desc="(Ljavax/swing/JTextPane;)Lcom/globaltcad/swingtree/UIForTextPane;" line="1109"><counter type="INSTRUCTION" missed="11" covered="0"/><counter type="LINE" missed="2" covered="0"/><counter type="COMPLEXITY" missed="1" covered="0"/><counter type="METHOD" missed="1" covered="0"/></method><method name="textPane" desc="()Lcom/globaltcad/swingtree/UIForTextPane;" line="1119"><counter type="INSTRUCTION" missed="5" covered="0"/><counter type="LINE" missed="1" covered="0"/><counter type="COMPLEXITY" missed="1" covered="0"/><counter type="METHOD" missed="1" covered="0"/></method><method name="of" desc="(Ljavax/swing/JSlider;)Lcom/globaltcad/swingtree/UIForSlider;" line="1128"><counter type="INSTRUCTION" missed="0" covered="11"/><counter type="LINE" missed="0" covered="2"/><counter type="COMPLEXITY" missed="0" covered="1"/><counter type="METHOD" missed="0" covered="1"/></method><method name="slider" desc="(Lcom/globaltcad/swingtree/UI$Align;)Lcom/globaltcad/swingtree/UIForSlider;" line="1144"><counter type="INSTRUCTION" missed="0" covered="13"/><counter type="LINE" missed="0" covered="2"/><counter type="COMPLEXITY" missed="0" covered="1"/><counter type="METHOD" missed="0" covered="1"/></method><method name="slider" desc="(Lcom/globaltcad/swingtree/api/mvvm/Val;)Lcom/globaltcad/swingtree/UIForSlider;" line="1160"><counter type="INSTRUCTION" missed="13" covered="0"/><counter type="LINE" missed="2" covered="0"/><counter type="COMPLEXITY" missed="1" covered="0"/><counter type="METHOD" missed="1" covered="0"/></method><method name="slider" desc="(Lcom/globaltcad/swingtree/UI$Align;II)Lcom/globaltcad/swingtree/UIForSlider;" line="1180"><counter type="INSTRUCTION" missed="20" covered="0"/><counter type="LINE" missed="2" covered="0"/><counter type="COMPLEXITY" missed="1" covered="0"/><counter type="METHOD" missed="1" covered="0"/></method><method name="slider" desc="(Lcom/globaltcad/swingtree/UI$Align;III)Lcom/globaltcad/swingtree/UIForSlider;" line="1201"><counter type="INSTRUCTION" missed="16" covered="0"/><counter type="LINE" missed="2" covered="0"/><counter type="COMPLEXITY" missed="1" covered="0"/><counter type="METHOD" missed="1" covered="0"/></method><method name="slider" desc="(Lcom/globaltcad/swingtree/UI$Align;IILcom/globaltcad/swingtree/api/mvvm/Val;)Lcom/globaltcad/swingtree/UIForSlider;" line="1222"><counter type="INSTRUCTION" missed="30" covered="0"/><counter type="LINE" missed="4" covered="0"/><counter type="COMPLEXITY" missed="1" covered="0"/><counter type="METHOD" missed="1" covered="0"/></method><method name="slider" desc="(Lcom/globaltcad/swingtree/UI$Align;IILcom/globaltcad/swingtree/api/mvvm/Var;)Lcom/globaltcad/swingtree/UIForSlider;" line="1245"><counter type="INSTRUCTION" missed="30" covered="0"/><counter type="LINE" missed="4" covered="0"/><counter type="COMPLEXITY" missed="1" covered="0"/><counter type="METHOD" missed="1" covered="0"/></method><method name="of" desc="(Ljavax/swing/JComboBox;)Lcom/globaltcad/swingtree/UIForCombo;" line="1257"><counter type="INSTRUCTION" missed="0" covered="11"/><counter type="LINE" missed="0" covered="2"/><counter type="COMPLEXITY" missed="0" covered="1"/><counter type="METHOD" missed="0" covered="1"/></method><method name="comboBox" desc="()Lcom/globaltcad/swingtree/UIForCombo;" line="1267"><counter type="INSTRUCTION" missed="0" covered="5"/><counter type="LINE" missed="0" covered="1"/><counter type="COMPLEXITY" missed="0" covered="1"/><counter type="METHOD" missed="0" covered="1"/></method><method name="comboBox" desc="([Ljava/lang/Object;)Lcom/globaltcad/swingtree/UIForCombo;" line="1279"><counter type="INSTRUCTION" missed="0" covered="16"/><counter type="LINE" missed="0" covered="2"/><counter type="COMPLEXITY" missed="0" covered="1"/><counter type="METHOD" missed="0" covered="1"/></method><method name="comboBoxWithUnmodifiable" desc="([Ljava/lang/Object;)Lcom/globaltcad/swingtree/UIForCombo;" line="1294"><counter type="INSTRUCTION" missed="0" covered="13"/><counter type="LINE" missed="0" covered="3"/><counter type="COMPLEXITY" missed="0" covered="1"/><counter type="METHOD" missed="0" covered="1"/></method><method name="comboBox" desc="(Lcom/globaltcad/swingtree/api/mvvm/Var;)Lcom/globaltcad/swingtree/UIForCombo;" line="1311"><counter type="INSTRUCTION" missed="0" covered="14"/><counter type="LINE" missed="0" covered="2"/><counter type="COMPLEXITY" missed="0" covered="1"/><counter type="METHOD" missed="0" covered="1"/></method><method name="comboBox" desc="(Ljava/util/List;)Lcom/globaltcad/swingtree/UIForCombo;" line="1325"><counter type="INSTRUCTION" missed="0" covered="16"/><counter type="LINE" missed="0" covered="2"/><counter type="COMPLEXITY" missed="0" covered="1"/><counter type="METHOD" missed="0" covered="1"/></method><method name="comboBoxWithUnmodifiable" desc="(Ljava/util/List;)Lcom/globaltcad/swingtree/UIForCombo;" line="1339"><counter type="INSTRUCTION" missed="12" covered="0"/><counter type="LINE" missed="3" covered="0"/><counter type="COMPLEXITY" missed="1" covered="0"/><counter type="METHOD" missed="1" covered="0"/></method><method name="comboBox" desc="(Lcom/globaltcad/swingtree/api/mvvm/Var;Ljava/util/List;)Lcom/globaltcad/swingtree/UIForCombo;" line="1357"><counter type="INSTRUCTION" missed="0" covered="23"/><counter type="LINE" missed="0" covered="3"/><counter type="COMPLEXITY" missed="0" covered="1"/><counter type="METHOD" missed="0" covered="1"/></method><method name="comboBox" desc="(Lcom/globaltcad/swingtree/api/mvvm/Var;[Ljava/lang/Object;)Lcom/globaltcad/swingtree/UIForCombo;" line="1375"><counter type="INSTRUCTION" missed="0" covered="17"/><counter type="LINE" missed="0" covered="2"/><counter type="COMPLEXITY" missed="0" covered="1"/><counter type="METHOD" missed="0" covered="1"/></method><method name="comboBox" desc="(Lcom/globaltcad/swingtree/api/mvvm/Var;Lcom/globaltcad/swingtree/api/mvvm/Var;)Lcom/globaltcad/swingtree/UIForCombo;" line="1392"><counter type="INSTRUCTION" missed="0" covered="17"/><counter type="LINE" missed="0" covered="2"/><counter type="COMPLEXITY" missed="0" covered="1"/><counter type="METHOD" missed="0" covered="1"/></method><method name="comboBox" desc="(Lcom/globaltcad/swingtree/api/mvvm/Var;Lcom/globaltcad/swingtree/api/mvvm/Val;)Lcom/globaltcad/swingtree/UIForCombo;" line="1409"><counter type="INSTRUCTION" missed="23" covered="0"/><counter type="LINE" missed="3" covered="0"/><counter type="COMPLEXITY" missed="1" covered="0"/><counter type="METHOD" missed="1" covered="0"/></method><method name="comboBox" desc="(Ljavax/swing/ComboBoxModel;)Lcom/globaltcad/swingtree/UIForCombo;" line="1422"><counter type="INSTRUCTION" missed="12" covered="0"/><counter type="LINE" missed="2" covered="0"/><counter type="COMPLEXITY" missed="1" covered="0"/><counter type="METHOD" missed="1" covered="0"/></method><method name="of" desc="(Ljavax/swing/JSpinner;)Lcom/globaltcad/swingtree/UIForSpinner;" line="1432"><counter type="INSTRUCTION" missed="0" covered="11"/><counter type="LINE" missed="0" covered="2"/><counter type="COMPLEXITY" missed="0" covered="1"/><counter type="METHOD" missed="0" covered="1"/></method><method name="spinner" desc="()Lcom/globaltcad/swingtree/UIForSpinner;" line="1442"><counter type="INSTRUCTION" missed="0" covered="5"/><counter type="LINE" missed="0" covered="1"/><counter type="COMPLEXITY" missed="0" covered="1"/><counter type="METHOD" missed="0" covered="1"/></method><method name="spinner" desc="(Ljavax/swing/SpinnerModel;)Lcom/globaltcad/swingtree/UIForSpinner;" line="1452"><counter type="INSTRUCTION" missed="12" covered="0"/><counter type="LINE" missed="2" covered="0"/><counter type="COMPLEXITY" missed="1" covered="0"/><counter type="METHOD" missed="1" covered="0"/></method><method name="spinner" desc="(Lcom/globaltcad/swingtree/api/mvvm/Var;)Lcom/globaltcad/swingtree/UIForSpinner;" line="1464"><counter type="INSTRUCTION" missed="0" covered="19"/><counter type="LINE" missed="0" covered="3"/><counter type="COMPLEXITY" missed="0" covered="1"/><counter type="METHOD" missed="0" covered="1"/></method><method name="spinner" desc="(IIII)Lcom/globaltcad/swingtree/UIForSpinner;" line="1480"><counter type="INSTRUCTION" missed="12" covered="0"/><counter type="LINE" missed="1" covered="0"/><counter type="COMPLEXITY" missed="1" covered="0"/><counter type="METHOD" missed="1" covered="0"/></method><method name="spinner" desc="(III)Lcom/globaltcad/swingtree/UIForSpinner;" line="1493"><counter type="INSTRUCTION" missed="12" covered="0"/><counter type="LINE" missed="1" covered="0"/><counter type="COMPLEXITY" missed="1" covered="0"/><counter type="METHOD" missed="1" covered="0"/></method><method name="of" desc="(Ljavax/swing/JLabel;)Lcom/globaltcad/swingtree/UIForLabel;" line="1502"><counter type="INSTRUCTION" missed="0" covered="11"/><counter type="LINE" missed="0" covered="2"/><counter type="COMPLEXITY" missed="0" covered="1"/><counter type="METHOD" missed="0" covered="1"/></method><method name="label" desc="(Ljava/lang/String;)Lcom/globaltcad/swingtree/UIForLabel;" line="1514"><counter type="INSTRUCTION" missed="0" covered="12"/><counter type="LINE" missed="0" covered="2"/><counter type="COMPLEXITY" missed="0" covered="1"/><counter type="METHOD" missed="0" covered="1"/></method><method name="label" desc="(Lcom/globaltcad/swingtree/api/mvvm/Val;)Lcom/globaltcad/swingtree/UIForLabel;" line="1526"><counter type="INSTRUCTION" missed="2" covered="30"/><counter type="BRANCH" missed="1" covered="1"/><counter type="LINE" missed="0" covered="5"/><counter type="COMPLEXITY" missed="1" covered="1"/><counter type="METHOD" missed="0" covered="1"/></method><method name="label" desc="(Ljavax/swing/Icon;)Lcom/globaltcad/swingtree/UIForLabel;" line="1540"><counter type="INSTRUCTION" missed="13" covered="0"/><counter type="LINE" missed="2" covered="0"/><counter type="COMPLEXITY" missed="1" covered="0"/><counter type="METHOD" missed="1" covered="0"/></method><method name="labelWithIcon" desc="(Lcom/globaltcad/swingtree/api/mvvm/Val;)Lcom/globaltcad/swingtree/UIForLabel;" line="1551"><counter type="INSTRUCTION" missed="22" covered="0"/><counter type="LINE" missed="3" covered="0"/><counter type="COMPLEXITY" missed="1" covered="0"/><counter type="METHOD" missed="1" covered="0"/></method><method name="label" desc="(IILjavax/swing/ImageIcon;)Lcom/globaltcad/swingtree/UIForLabel;" line="1565"><counter type="INSTRUCTION" missed="0" covered="21"/><counter type="LINE" missed="0" covered="3"/><counter type="COMPLEXITY" missed="0" covered="1"/><counter type="METHOD" missed="0" covered="1"/></method><method name="boldLabel" desc="(Ljava/lang/String;)Lcom/globaltcad/swingtree/UIForLabel;" line="1577"><counter type="INSTRUCTION" missed="0" covered="7"/><counter type="LINE" missed="0" covered="1"/><counter type="COMPLEXITY" missed="0" covered="1"/><counter type="METHOD" missed="0" covered="1"/></method><method name="boldLabel" desc="(Lcom/globaltcad/swingtree/api/mvvm/Val;)Lcom/globaltcad/swingtree/UIForLabel;" line="1587"><counter type="INSTRUCTION" missed="23" covered="0"/><counter type="LINE" missed="3" covered="0"/><counter type="COMPLEXITY" missed="1" covered="0"/><counter type="METHOD" missed="1" covered="0"/></method><method name="checkBox" desc="(Ljava/lang/String;)Lcom/globaltcad/swingtree/UIForCheckBox;" line="1600"><counter type="INSTRUCTION" missed="0" covered="12"/><counter type="LINE" missed="0" covered="2"/><counter type="COMPLEXITY" missed="0" covered="1"/><counter type="METHOD" missed="0" covered="1"/></method><method name="checkBox" desc="(Lcom/globaltcad/swingtree/api/mvvm/Val;)Lcom/globaltcad/swingtree/UIForCheckBox;" line="1612"><counter type="INSTRUCTION" missed="27" covered="6"/><counter type="BRANCH" missed="2" covered="0"/><counter type="LINE" missed="4" covered="1"/><counter type="COMPLEXITY" missed="1" covered="1"/><counter type="METHOD" missed="0" covered="1"/></method><method name="checkBox" desc="(Lcom/globaltcad/swingtree/api/mvvm/Val;Lcom/globaltcad/swingtree/api/mvvm/Var;)Lcom/globaltcad/swingtree/UIForCheckBox;" line="1631"><counter type="INSTRUCTION" missed="49" covered="12"/><counter type="BRANCH" missed="4" covered="0"/><counter type="LINE" missed="7" covered="2"/><counter type="COMPLEXITY" missed="2" covered="1"/><counter type="METHOD" missed="0" covered="1"/></method><method name="checkBox" desc="(Ljava/lang/String;Lcom/globaltcad/swingtree/api/mvvm/Var;)Lcom/globaltcad/swingtree/UIForCheckBox;" line="1651"><counter type="INSTRUCTION" missed="30" covered="12"/><counter type="BRANCH" missed="2" covered="0"/><counter type="LINE" missed="5" covered="2"/><counter type="COMPLEXITY" missed="1" covered="1"/><counter type="METHOD" missed="0" covered="1"/></method><method name="of" desc="(Ljavax/swing/JCheckBox;)Lcom/globaltcad/swingtree/UIForCheckBox;" line="1666"><counter type="INSTRUCTION" missed="0" covered="11"/><counter type="LINE" missed="0" covered="2"/><counter type="COMPLEXITY" missed="0" covered="1"/><counter type="METHOD" missed="0" covered="1"/></method><method name="radioButton" desc="(Ljava/lang/String;)Lcom/globaltcad/swingtree/UIForRadioButton;" line="1678"><counter type="INSTRUCTION" missed="0" covered="12"/><counter type="LINE" missed="0" covered="2"/><counter type="COMPLEXITY" missed="0" covered="1"/><counter type="METHOD" missed="0" covered="1"/></method><method name="radioButton" desc="(Lcom/globaltcad/swingtree/api/mvvm/Val;)Lcom/globaltcad/swingtree/UIForRadioButton;" line="1690"><counter type="INSTRUCTION" missed="27" covered="6"/><counter type="BRANCH" missed="2" covered="0"/><counter type="LINE" missed="4" covered="1"/><counter type="COMPLEXITY" missed="1" covered="1"/><counter type="METHOD" missed="0" covered="1"/></method><method name="radioButton" desc="(Lcom/globaltcad/swingtree/api/mvvm/Val;Lcom/globaltcad/swingtree/api/mvvm/Var;)Lcom/globaltcad/swingtree/UIForRadioButton;" line="1709"><counter type="INSTRUCTION" missed="49" covered="12"/><counter type="BRANCH" missed="4" covered="0"/><counter type="LINE" missed="7" covered="2"/><counter type="COMPLEXITY" missed="2" covered="1"/><counter type="METHOD" missed="0" covered="1"/></method><method name="radioButton" desc="(Ljava/lang/String;Lcom/globaltcad/swingtree/api/mvvm/Var;)Lcom/globaltcad/swingtree/UIForRadioButton;" line="1729"><counter type="INSTRUCTION" missed="20" covered="12"/><counter type="LINE" missed="4" covered="2"/><counter type="COMPLEXITY" missed="0" covered="1"/><counter type="METHOD" missed="0" covered="1"/></method><method name="of" desc="(Ljavax/swing/JRadioButton;)Lcom/globaltcad/swingtree/UIForRadioButton;" line="1743"><counter type="INSTRUCTION" missed="0" covered="11"/><counter type="LINE" missed="0" covered="2"/><counter type="COMPLEXITY" missed="0" covered="1"/><counter type="METHOD" missed="0" covered="1"/></method><method name="toggleButton" desc="()Lcom/globaltcad/swingtree/UIForToggleButton;" line="1752"><counter type="INSTRUCTION" missed="5" covered="0"/><counter type="LINE" missed="1" covered="0"/><counter type="COMPLEXITY" missed="1" covered="0"/><counter type="METHOD" missed="1" covered="0"/></method><method name="toggleButton" desc="(Ljava/lang/String;)Lcom/globaltcad/swingtree/UIForToggleButton;" line="1761"><counter type="INSTRUCTION" missed="0" covered="12"/><counter type="LINE" missed="0" covered="2"/><counter type="COMPLEXITY" missed="0" covered="1"/><counter type="METHOD" missed="0" covered="1"/></method><method name="toggleButton" desc="(Lcom/globaltcad/swingtree/api/mvvm/Val;)Lcom/globaltcad/swingtree/UIForToggleButton;" line="1772"><counter type="INSTRUCTION" missed="33" covered="0"/><counter type="BRANCH" missed="2" covered="0"/><counter type="LINE" missed="5" covered="0"/><counter type="COMPLEXITY" missed="2" covered="0"/><counter type="METHOD" missed="1" covered="0"/></method><method name="toggleButton" desc="(Lcom/globaltcad/swingtree/api/mvvm/Var;)Lcom/globaltcad/swingtree/UIForToggleButton;" line="1786"><counter type="INSTRUCTION" missed="23" covered="0"/><counter type="BRANCH" missed="2" covered="0"/><counter type="LINE" missed="4" covered="0"/><counter type="COMPLEXITY" missed="2" covered="0"/><counter type="METHOD" missed="1" covered="0"/></method><method name="toggleButton" desc="(Ljava/lang/String;Lcom/globaltcad/swingtree/api/mvvm/Var;)Lcom/globaltcad/swingtree/UIForToggleButton;" line="1801"><counter type="INSTRUCTION" missed="16" covered="6"/><counter type="LINE" missed="4" covered="1"/><counter type="COMPLEXITY" missed="0" covered="1"/><counter type="METHOD" missed="0" covered="1"/></method><method name="toggleButton" desc="(Lcom/globaltcad/swingtree/api/mvvm/Val;Lcom/globaltcad/swingtree/api/mvvm/Var;)Lcom/globaltcad/swingtree/UIForToggleButton;" line="1818"><counter type="INSTRUCTION" missed="10" covered="42"/><counter type="BRANCH" missed="2" covered="2"/><counter type="LINE" missed="2" covered="6"/><counter type="COMPLEXITY" missed="2" covered="1"/><counter type="METHOD" missed="0" covered="1"/></method><method name="toggleButton" desc="(Ljavax/swing/Icon;)Lcom/globaltcad/swingtree/UIForToggleButton;" line="1836"><counter type="INSTRUCTION" missed="12" covered="0"/><counter type="LINE" missed="2" covered="0"/><counter type="COMPLEXITY" missed="1" covered="0"/><counter type="METHOD" missed="1" covered="0"/></method><method name="toggleButton" desc="(Ljavax/swing/Icon;Lcom/globaltcad/swingtree/api/mvvm/Var;)Lcom/globaltcad/swingtree/UIForToggleButton;" line="1850"><counter type="INSTRUCTION" missed="34" covered="0"/><counter type="BRANCH" missed="2" covered="0"/><counter type="LINE" missed="5" covered="0"/><counter type="COMPLEXITY" missed="2" covered="0"/><counter type="METHOD" missed="1" covered="0"/></method><method name="toggleButtonWithIcon" desc="(Lcom/globaltcad/swingtree/api/mvvm/Val;)Lcom/globaltcad/swingtree/UIForToggleButton;" line="1865"><counter type="INSTRUCTION" missed="33" covered="0"/><counter type="BRANCH" missed="2" covered="0"/><counter type="LINE" missed="5" covered="0"/><counter type="COMPLEXITY" missed="2" covered="0"/><counter type="METHOD" missed="1" covered="0"/></method><method name="toggleButtonWithIcon" desc="(Lcom/globaltcad/swingtree/api/mvvm/Val;Lcom/globaltcad/swingtree/api/mvvm/Var;)Lcom/globaltcad/swingtree/UIForToggleButton;" line="1882"><counter type="INSTRUCTION" missed="55" covered="0"/><counter type="BRANCH" missed="4" covered="0"/><counter type="LINE" missed="8" covered="0"/><counter type="COMPLEXITY" missed="3" covered="0"/><counter type="METHOD" missed="1" covered="0"/></method><method name="of" desc="(Ljavax/swing/JToggleButton;)Lcom/globaltcad/swingtree/UIForToggleButton;" line="1898"><counter type="INSTRUCTION" missed="0" covered="11"/><counter type="LINE" missed="0" covered="2"/><counter type="COMPLEXITY" missed="0" covered="1"/><counter type="METHOD" missed="0" covered="1"/></method><method name="of" desc="(Ljavax/swing/JTextField;)Lcom/globaltcad/swingtree/UIForTextField;" line="1908"><counter type="INSTRUCTION" missed="0" covered="11"/><counter type="LINE" missed="0" covered="2"/><counter type="COMPLEXITY" missed="0" covered="1"/><counter type="METHOD" missed="0" covered="1"/></method><method name="textField" desc="(Ljava/lang/String;)Lcom/globaltcad/swingtree/UIForTextField;" line="1920"><counter type="INSTRUCTION" missed="0" covered="12"/><counter type="LINE" missed="0" covered="2"/><counter type="COMPLEXITY" missed="0" covered="1"/><counter type="METHOD" missed="0" covered="1"/></method><method name="textField" desc="(Lcom/globaltcad/swingtree/api/mvvm/Val;)Lcom/globaltcad/swingtree/UIForTextField;" line="1934"><counter type="INSTRUCTION" missed="33" covered="0"/><counter type="BRANCH" missed="2" covered="0"/><counter type="LINE" missed="5" covered="0"/><counter type="COMPLEXITY" missed="2" covered="0"/><counter type="METHOD" missed="1" covered="0"/></method><method name="textField" desc="(Lcom/globaltcad/swingtree/api/mvvm/Var;)Lcom/globaltcad/swingtree/UIForTextField;" line="1950"><counter type="INSTRUCTION" missed="2" covered="31"/><counter type="BRANCH" missed="1" covered="1"/><counter type="LINE" missed="0" covered="5"/><counter type="COMPLEXITY" missed="1" covered="1"/><counter type="METHOD" missed="0" covered="1"/></method><method name="textField" desc="()Lcom/globaltcad/swingtree/UIForTextField;" line="1963"><counter type="INSTRUCTION" missed="0" covered="5"/><counter type="LINE" missed="0" covered="1"/><counter type="COMPLEXITY" missed="0" covered="1"/><counter type="METHOD" missed="0" covered="1"/></method><method name="of" desc="(Ljavax/swing/JFormattedTextField;)Lcom/globaltcad/swingtree/UIForFormattedTextField;" line="1971"><counter type="INSTRUCTION" missed="11" covered="0"/><counter type="LINE" missed="2" covered="0"/><counter type="COMPLEXITY" missed="1" covered="0"/><counter type="METHOD" missed="1" covered="0"/></method><method name="formattedTextField" desc="(Ljava/lang/String;)Lcom/globaltcad/swingtree/UIForFormattedTextField;" line="1983"><counter type="INSTRUCTION" missed="12" covered="0"/><counter type="LINE" missed="2" covered="0"/><counter type="COMPLEXITY" missed="1" covered="0"/><counter type="METHOD" missed="1" covered="0"/></method><method name="formattedTextField" desc="(Lcom/globaltcad/swingtree/api/mvvm/Val;)Lcom/globaltcad/swingtree/UIForFormattedTextField;" line="1997"><counter type="INSTRUCTION" missed="33" covered="0"/><counter type="BRANCH" missed="2" covered="0"/><counter type="LINE" missed="5" covered="0"/><counter type="COMPLEXITY" missed="2" covered="0"/><counter type="METHOD" missed="1" covered="0"/></method><method name="formattedTextField" desc="(Lcom/globaltcad/swingtree/api/mvvm/Var;)Lcom/globaltcad/swingtree/UIForFormattedTextField;" line="2013"><counter type="INSTRUCTION" missed="33" covered="0"/><counter type="BRANCH" missed="2" covered="0"/><counter type="LINE" missed="5" covered="0"/><counter type="COMPLEXITY" missed="2" covered="0"/><counter type="METHOD" missed="1" covered="0"/></method><method name="formattedTextField" desc="()Lcom/globaltcad/swingtree/UIForFormattedTextField;" line="2026"><counter type="INSTRUCTION" missed="5" covered="0"/><counter type="LINE" missed="1" covered="0"/><counter type="COMPLEXITY" missed="1" covered="0"/><counter type="METHOD" missed="1" covered="0"/></method><method name="of" desc="(Ljavax/swing/JPasswordField;)Lcom/globaltcad/swingtree/UIForPasswordField;" line="2034"><counter type="INSTRUCTION" missed="0" covered="11"/><counter type="LINE" missed="0" covered="2"/><counter type="COMPLEXITY" missed="0" covered="1"/><counter type="METHOD" missed="0" covered="1"/></method><method name="passwordField" desc="(Ljava/lang/String;)Lcom/globaltcad/swingtree/UIForPasswordField;" line="2046"><counter type="INSTRUCTION" missed="0" covered="12"/><counter type="LINE" missed="0" covered="2"/><counter type="COMPLEXITY" missed="0" covered="1"/><counter type="METHOD" missed="0" covered="1"/></method><method name="passwordField" desc="(Lcom/globaltcad/swingtree/api/mvvm/Val;)Lcom/globaltcad/swingtree/UIForPasswordField;" line="2060"><counter type="INSTRUCTION" missed="33" covered="0"/><counter type="BRANCH" missed="2" covered="0"/><counter type="LINE" missed="5" covered="0"/><counter type="COMPLEXITY" missed="2" covered="0"/><counter type="METHOD" missed="1" covered="0"/></method><method name="passwordField" desc="(Lcom/globaltcad/swingtree/api/mvvm/Var;)Lcom/globaltcad/swingtree/UIForPasswordField;" line="2076"><counter type="INSTRUCTION" missed="2" covered="31"/><counter type="BRANCH" missed="1" covered="1"/><counter type="LINE" missed="0" covered="5"/><counter type="COMPLEXITY" missed="1" covered="1"/><counter type="METHOD" missed="0" covered="1"/></method><method name="passwordField" desc="()Lcom/globaltcad/swingtree/UIForPasswordField;" line="2089"><counter type="INSTRUCTION" missed="5" covered="0"/><counter type="LINE" missed="1" covered="0"/><counter type="COMPLEXITY" missed="1" covered="0"/><counter type="METHOD" missed="1" covered="0"/></method><method name="of" desc="(Ljavax/swing/JTextArea;)Lcom/globaltcad/swingtree/UIForTextArea;" line="2097"><counter type="INSTRUCTION" missed="0" covered="11"/><counter type="LINE" missed="0" covered="2"/><counter type="COMPLEXITY" missed="0" covered="1"/><counter type="METHOD" missed="0" covered="1"/></method><method name="textArea" desc="(Ljava/lang/String;)Lcom/globaltcad/swingtree/UIForTextArea;" line="2109"><counter type="INSTRUCTION" missed="0" covered="12"/><counter type="LINE" missed="0" covered="2"/><counter type="COMPLEXITY" missed="0" covered="1"/><counter type="METHOD" missed="0" covered="1"/></method><method name="textArea" desc="(Lcom/globaltcad/swingtree/api/mvvm/Val;)Lcom/globaltcad/swingtree/UIForTextArea;" line="2123"><counter type="INSTRUCTION" missed="33" covered="0"/><counter type="BRANCH" missed="2" covered="0"/><counter type="LINE" missed="5" covered="0"/><counter type="COMPLEXITY" missed="2" covered="0"/><counter type="METHOD" missed="1" covered="0"/></method><method name="textArea" desc="(Lcom/globaltcad/swingtree/api/mvvm/Var;)Lcom/globaltcad/swingtree/UIForTextArea;" line="2139"><counter type="INSTRUCTION" missed="27" covered="6"/><counter type="BRANCH" missed="2" covered="0"/><counter type="LINE" missed="4" covered="1"/><counter type="COMPLEXITY" missed="1" covered="1"/><counter type="METHOD" missed="0" covered="1"/></method><method name="textArea" desc="(Lcom/globaltcad/swingtree/UI$HorizontalDirection;)Lcom/globaltcad/swingtree/UIForTextArea;" line="2163"><counter type="INSTRUCTION" missed="14" covered="0"/><counter type="LINE" missed="2" covered="0"/><counter type="COMPLEXITY" missed="1" covered="0"/><counter type="METHOD" missed="1" covered="0"/></method><method name="textArea" desc="(Lcom/globaltcad/swingtree/UI$HorizontalDirection;Ljava/lang/String;)Lcom/globaltcad/swingtree/UIForTextArea;" line="2186"><counter type="INSTRUCTION" missed="0" covered="17"/><counter type="LINE" missed="0" covered="2"/><counter type="COMPLEXITY" missed="0" covered="1"/><counter type="METHOD" missed="0" covered="1"/></method><method name="textArea" desc="(Lcom/globaltcad/swingtree/UI$HorizontalDirection;Lcom/globaltcad/swingtree/api/mvvm/Val;)Lcom/globaltcad/swingtree/UIForTextArea;" line="2191"><counter type="INSTRUCTION" missed="42" covered="0"/><counter type="BRANCH" missed="2" covered="0"/><counter type="LINE" missed="7" covered="0"/><counter type="COMPLEXITY" missed="2" covered="0"/><counter type="METHOD" missed="1" covered="0"/></method><method name="textArea" desc="(Lcom/globaltcad/swingtree/UI$HorizontalDirection;Lcom/globaltcad/swingtree/api/mvvm/Var;)Lcom/globaltcad/swingtree/UIForTextArea;" line="2201"><counter type="INSTRUCTION" missed="30" covered="12"/><counter type="BRANCH" missed="2" covered="0"/><counter type="LINE" missed="5" covered="2"/><counter type="COMPLEXITY" missed="1" covered="1"/><counter type="METHOD" missed="0" covered="1"/></method><method name="of" desc="(Ljavax/swing/JList;)Lcom/globaltcad/swingtree/UIForList;" line="2214"><counter type="INSTRUCTION" missed="0" covered="11"/><counter type="LINE" missed="0" covered="2"/><counter type="COMPLEXITY" missed="0" covered="1"/><counter type="METHOD" missed="0" covered="1"/></method><method name="list" desc="(Ljavax/swing/ListModel;)Lcom/globaltcad/swingtree/UIForList;" line="2222"><counter type="INSTRUCTION" missed="12" covered="0"/><counter type="LINE" missed="2" covered="0"/><counter type="COMPLEXITY" missed="1" covered="0"/><counter type="METHOD" missed="1" covered="0"/></method><method name="list" desc="([Ljava/lang/Object;)Lcom/globaltcad/swingtree/UIForList;" line="2235"><counter type="INSTRUCTION" missed="0" covered="12"/><counter type="LINE" missed="0" covered="2"/><counter type="COMPLEXITY" missed="0" covered="1"/><counter type="METHOD" missed="0" covered="1"/></method><method name="listOf" desc="([Ljava/lang/Object;)Lcom/globaltcad/swingtree/UIForList;" line="2248"><counter type="INSTRUCTION" missed="0" covered="3"/><counter type="LINE" missed="0" covered="1"/><counter type="COMPLEXITY" missed="0" covered="1"/><counter type="METHOD" missed="0" covered="1"/></method><method name="list" desc="(Ljava/util/List;)Lcom/globaltcad/swingtree/UIForList;" line="2259"><counter type="INSTRUCTION" missed="9" covered="0"/><counter type="LINE" missed="1" covered="0"/><counter type="COMPLEXITY" missed="1" covered="0"/><counter type="METHOD" missed="1" covered="0"/></method><method name="listOf" desc="(Ljava/util/List;)Lcom/globaltcad/swingtree/UIForList;" line="2273"><counter type="INSTRUCTION" missed="3" covered="0"/><counter type="LINE" missed="1" covered="0"/><counter type="COMPLEXITY" missed="1" covered="0"/><counter type="METHOD" missed="1" covered="0"/></method><method name="of" desc="(Ljavax/swing/JTable;)Lcom/globaltcad/swingtree/UIForTable;" line="2280"><counter type="INSTRUCTION" missed="0" covered="11"/><counter type="LINE" missed="0" covered="2"/><counter type="COMPLEXITY" missed="0" covered="1"/><counter type="METHOD" missed="0" covered="1"/></method><method name="table" desc="()Lcom/globaltcad/swingtree/UIForTable;" line="2284"><counter type="INSTRUCTION" missed="0" covered="5"/><counter type="LINE" missed="0" covered="1"/><counter type="COMPLEXITY" missed="0" covered="1"/><counter type="METHOD" missed="0" covered="1"/></method><method name="table" desc="(Lcom/globaltcad/swingtree/UI$ListData;Lcom/globaltcad/swingtree/api/model/TableListDataSource;)Lcom/globaltcad/swingtree/UIForTable;" line="2287"><counter type="INSTRUCTION" missed="0" covered="20"/><counter type="LINE" missed="0" covered="3"/><counter type="COMPLEXITY" missed="0" covered="1"/><counter type="METHOD" missed="0" covered="1"/></method><method name="table" desc="(Lcom/globaltcad/swingtree/UI$MapData;Lcom/globaltcad/swingtree/api/model/TableMapDataSource;)Lcom/globaltcad/swingtree/UIForTable;" line="2293"><counter type="INSTRUCTION" missed="0" covered="20"/><counter type="LINE" missed="0" covered="3"/><counter type="COMPLEXITY" missed="0" covered="1"/><counter type="METHOD" missed="0" covered="1"/></method><method name="table" desc="(Lcom/globaltcad/swingtree/api/Buildable;)Lcom/globaltcad/swingtree/UIForTable;" line="2299"><counter type="INSTRUCTION" missed="0" covered="7"/><counter type="LINE" missed="0" covered="1"/><counter type="COMPLEXITY" missed="0" covered="1"/><counter type="METHOD" missed="0" covered="1"/></method><method name="tableModel" desc="()Lcom/globaltcad/swingtree/api/model/BasicTableModel$Builder;" line="2302"><counter type="INSTRUCTION" missed="0" covered="4"/><counter type="LINE" missed="0" covered="1"/><counter type="COMPLEXITY" missed="0" covered="1"/><counter type="METHOD" missed="0" covered="1"/></method><method name="renderTable" desc="()Lcom/globaltcad/swingtree/Render$Builder;" line="2305"><counter type="INSTRUCTION" missed="0" covered="8"/><counter type="LINE" missed="0" covered="1"/><counter type="COMPLEXITY" missed="0" covered="1"/><counter type="METHOD" missed="0" covered="1"/></method><method name="renderList" desc="()Lcom/globaltcad/swingtree/Render$Builder;" line="2329"><counter type="INSTRUCTION" missed="8" covered="0"/><counter type="LINE" missed="1" covered="0"/><counter type="COMPLEXITY" missed="1" covered="0"/><counter type="METHOD" missed="1" covered="0"/></method><method name="renderList" desc="(Ljava/lang/Class;)Lcom/globaltcad/swingtree/Render$Builder;" line="2353"><counter type="INSTRUCTION" missed="0" covered="8"/><counter type="LINE" missed="0" covered="1"/><counter type="COMPLEXITY" missed="0" covered="1"/><counter type="METHOD" missed="0" covered="1"/></method><method name="renderListItem" desc="(Ljava/lang/Class;)Lcom/globaltcad/swingtree/Render$As;" line="2375"><counter type="INSTRUCTION" missed="0" covered="6"/><counter type="LINE" missed="0" covered="1"/><counter type="COMPLEXITY" missed="0" covered="1"/><counter type="METHOD" missed="0" covered="1"/></method><method name="renderCombo" desc="()Lcom/globaltcad/swingtree/Render$Builder;" line="2379"><counter type="INSTRUCTION" missed="8" covered="0"/><counter type="LINE" missed="1" covered="0"/><counter type="COMPLEXITY" missed="1" covered="0"/><counter type="METHOD" missed="1" covered="0"/></method><method name="renderCombo" desc="(Ljava/lang/Class;)Lcom/globaltcad/swingtree/Render$Builder;" line="2383"><counter type="INSTRUCTION" missed="8" covered="0"/><counter type="LINE" missed="1" covered="0"/><counter type="COMPLEXITY" missed="1" covered="0"/><counter type="METHOD" missed="1" covered="0"/></method><method name="renderComboItem" desc="(Ljava/lang/Class;)Lcom/globaltcad/swingtree/Render$As;" line="2405"><counter type="INSTRUCTION" missed="0" covered="6"/><counter type="LINE" missed="0" covered="1"/><counter type="COMPLEXITY" missed="0" covered="1"/><counter type="METHOD" missed="0" covered="1"/></method><method name="renderTableWithBorder" desc="(Ljava/util/function/Supplier;)Lcom/globaltcad/swingtree/Render$Builder;" line="2413"><counter type="INSTRUCTION" missed="8" covered="0"/><counter type="LINE" missed="1" covered="0"/><counter type="COMPLEXITY" missed="1" covered="0"/><counter type="METHOD" missed="1" covered="0"/></method><method name="renderListWithBorder" desc="(Ljava/util/function/Supplier;)Lcom/globaltcad/swingtree/Render$Builder;" line="2421"><counter type="INSTRUCTION" missed="8" covered="0"/><counter type="LINE" missed="1" covered="0"/><counter type="COMPLEXITY" missed="1" covered="0"/><counter type="METHOD" missed="1" covered="0"/></method><method name="renderComboWithBorder" desc="(Ljava/util/function/Supplier;)Lcom/globaltcad/swingtree/Render$Builder;" line="2429"><counter type="INSTRUCTION" missed="8" covered="0"/><counter type="LINE" missed="1" covered="0"/><counter type="COMPLEXITY" missed="1" covered="0"/><counter type="METHOD" missed="1" covered="0"/></method><method name="renderTableWithBorder" desc="(Ljavax/swing/border/Border;)Lcom/globaltcad/swingtree/Render$Builder;" line="2437"><counter type="INSTRUCTION" missed="4" covered="0"/><counter type="LINE" missed="1" covered="0"/><counter type="COMPLEXITY" missed="1" covered="0"/><counter type="METHOD" missed="1" covered="0"/></method><method name="renderTableWithBorder" desc="(Lcom/globaltcad/swingtree/api/mvvm/Val;)Lcom/globaltcad/swingtree/Render$Builder;" line="2445"><counter type="INSTRUCTION" missed="7" covered="0"/><counter type="LINE" missed="1" covered="0"/><counter type="COMPLEXITY" missed="1" covered="0"/><counter type="METHOD" missed="1" covered="0"/></method><method name="renderListWithBorder" desc="(Ljavax/swing/border/Border;)Lcom/globaltcad/swingtree/Render$Builder;" line="2453"><counter type="INSTRUCTION" missed="4" covered="0"/><counter type="LINE" missed="1" covered="0"/><counter type="COMPLEXITY" missed="1" covered="0"/><counter type="METHOD" missed="1" covered="0"/></method><method name="renderListWithBorder" desc="(Lcom/globaltcad/swingtree/api/mvvm/Var;)Lcom/globaltcad/swingtree/Render$Builder;" line="2461"><counter type="INSTRUCTION" missed="7" covered="0"/><counter type="LINE" missed="1" covered="0"/><counter type="COMPLEXITY" missed="1" covered="0"/><counter type="METHOD" missed="1" covered="0"/></method><method name="renderComboWithBorder" desc="(Ljavax/swing/border/Border;)Lcom/globaltcad/swingtree/Render$Builder;" line="2469"><counter type="INSTRUCTION" missed="4" covered="0"/><counter type="LINE" missed="1" covered="0"/><counter type="COMPLEXITY" missed="1" covered="0"/><counter type="METHOD" missed="1" covered="0"/></method><method name="renderComboWithBorder" desc="(Lcom/globaltcad/swingtree/api/mvvm/Val;)Lcom/globaltcad/swingtree/Render$Builder;" line="2477"><counter type="INSTRUCTION" missed="16" covered="0"/><counter type="LINE" missed="2" covered="0"/><counter type="COMPLEXITY" missed="1" covered="0"/><counter type="METHOD" missed="1" covered="0"/></method><method name="of" desc="(Ljava/awt/Component;)Lcom/globaltcad/swingtree/UIForAnything;" line="2487"><counter type="INSTRUCTION" missed="11" covered="0"/><counter type="LINE" missed="2" covered="0"/><counter type="COMPLEXITY" missed="1" covered="0"/><counter type="METHOD" missed="1" covered="0"/></method><method name="run" desc="(Ljava/lang/Runnable;)V" line="2509"><counter type="INSTRUCTION" missed="0" covered="14"/><counter type="BRANCH" missed="0" covered="2"/><counter type="LINE" missed="0" covered="5"/><counter type="COMPLEXITY" missed="0" covered="2"/><counter type="METHOD" missed="0" covered="1"/></method><method name="runLater" desc="(Ljava/lang/Runnable;)V" line="2540"><counter type="INSTRUCTION" missed="9" covered="0"/><counter type="LINE" missed="3" covered="0"/><counter type="COMPLEXITY" missed="1" covered="0"/><counter type="METHOD" missed="1" covered="0"/></method><method name="thisIsUIThread" desc="()Z" line="2555"><counter type="INSTRUCTION" missed="0" covered="2"/><counter type="LINE" missed="0" covered="1"/><counter type="COMPLEXITY" missed="0" covered="1"/><counter type="METHOD" missed="0" covered="1"/></method><method name="runNow" desc="(Ljava/lang/Runnable;)V" line="2603"><counter type="INSTRUCTION" missed="0" covered="9"/><counter type="LINE" missed="0" covered="3"/><counter type="COMPLEXITY" missed="0" covered="1"/><counter type="METHOD" missed="0" covered="1"/></method><method name="runAndGet" desc="(Ljava/util/function/Supplier;)Ljava/lang/Object;" line="2608"><counter type="INSTRUCTION" missed="0" covered="17"/><counter type="LINE" missed="0" covered="4"/><counter type="COMPLEXITY" missed="0" covered="1"/><counter type="METHOD" missed="0" covered="1"/></method><method name="sync" desc="()V" line="2614"><counter type="INSTRUCTION" missed="0" covered="3"/><counter type="LINE" missed="0" covered="1"/><counter type="COMPLEXITY" missed="0" covered="1"/><counter type="METHOD" missed="0" covered="1"/></method><method name="show" desc="(Ljava/awt/Component;)V" line="2642"><counter type="INSTRUCTION" missed="20" covered="0"/><counter type="LINE" missed="5" covered="0"/><counter type="COMPLEXITY" missed="1" covered="0"/><counter type="METHOD" missed="1" covered="0"/></method><method name="lambda$show$44" desc="(Ljavax/swing/JFrame;)Ljavax/swing/JFrame;" line="2643"><counter type="INSTRUCTION" missed="2" covered="0"/><counter type="LINE" missed="1" covered="0"/><counter type="COMPLEXITY" missed="1" covered="0"/><counter type="METHOD" missed="1" covered="0"/></method><method name="lambda$sync$43" desc="()V" line="2614"><counter type="INSTRUCTION" missed="0" covered="1"/><counter type="LINE" missed="0" covered="1"/><counter type="COMPLEXITY" missed="0" covered="1"/><counter type="METHOD" missed="0" covered="1"/></method><method name="lambda$runAndGet$42" desc="([Ljava/lang/Object;Ljava/util/function/Supplier;)V" line="2610"><counter type="INSTRUCTION" missed="0" covered="6"/><counter type="LINE" missed="0" covered="1"/><counter type="COMPLEXITY" missed="0" covered="1"/><counter type="METHOD" missed="0" covered="1"/></method><method name="lambda$renderComboWithBorder$41" desc="(Ljavax/swing/border/Border;)Ljavax/swing/border/Border;" line="2469"><counter type="INSTRUCTION" missed="2" covered="0"/><counter type="LINE" missed="1" covered="0"/><counter type="COMPLEXITY" missed="1" covered="0"/><counter type="METHOD" missed="1" covered="0"/></method><method name="lambda$renderListWithBorder$40" desc="(Ljavax/swing/border/Border;)Ljavax/swing/border/Border;" line="2453"><counter type="INSTRUCTION" missed="2" covered="0"/><counter type="LINE" missed="1" covered="0"/><counter type="COMPLEXITY" missed="1" covered="0"/><counter type="METHOD" missed="1" covered="0"/></method><method name="lambda$renderTableWithBorder$39" desc="(Ljavax/swing/border/Border;)Ljavax/swing/border/Border;" line="2437"><counter type="INSTRUCTION" missed="2" covered="0"/><counter type="LINE" missed="1" covered="0"/><counter type="COMPLEXITY" missed="1" covered="0"/><counter type="METHOD" missed="1" covered="0"/></method><method name="lambda$renderComboWithBorder$38" desc="(Lcom/globaltcad/swingtree/Render$Cell;)V" line="2429"><counter type="INSTRUCTION" missed="1" covered="0"/><counter type="LINE" missed="1" covered="0"/><counter type="COMPLEXITY" missed="1" covered="0"/><counter type="METHOD" missed="1" covered="0"/></method><method name="lambda$renderListWithBorder$37" desc="(Lcom/globaltcad/swingtree/Render$Cell;)V" line="2421"><counter type="INSTRUCTION" missed="1" covered="0"/><counter type="LINE" missed="1" covered="0"/><counter type="COMPLEXITY" missed="1" covered="0"/><counter type="METHOD" missed="1" covered="0"/></method><method name="lambda$renderTableWithBorder$36" desc="(Lcom/globaltcad/swingtree/Render$Cell;)V" line="2413"><counter type="INSTRUCTION" missed="1" covered="0"/><counter type="LINE" missed="1" covered="0"/><counter type="COMPLEXITY" missed="1" covered="0"/><counter type="METHOD" missed="1" covered="0"/></method><method name="lambda$renderCombo$35" desc="(Lcom/globaltcad/swingtree/Render$Cell;)Ljava/lang/String;" line="2383"><counter type="INSTRUCTION" missed="4" covered="0"/><counter type="LINE" missed="1" covered="0"/><counter type="COMPLEXITY" missed="1" covered="0"/><counter type="METHOD" missed="1" covered="0"/></method><method name="lambda$renderCombo$34" desc="(Lcom/globaltcad/swingtree/Render$Cell;)Ljava/lang/String;" line="2379"><counter type="INSTRUCTION" missed="4" covered="0"/><counter type="LINE" missed="1" covered="0"/><counter type="COMPLEXI
[...]
issed="0" covered="1"/></method><method name="orElseThrow" desc="()Ljava/lang/Object;" line="128"><counter type="INSTRUCTION" missed="0" covered="11"/><counter type="BRANCH" missed="0" covered="2"/><counter type="LINE" missed="0" covered="3"/><counter type="COMPLEXITY" missed="0" covered="2"/><counter type="METHOD" missed="0" covered="1"/></method><method name="isPresent" desc="()Z" line="137"><counter type="INSTRUCTION" missed="0" covered="7"/><counter type="BRANCH" missed="0" covered="2"/><counter type="LINE" missed="0" covered="1"/><counter type="COMPLEXITY" missed="0" covered="2"/><counter type="METHOD" missed="0" covered="1"/></method><method name="orElseNullable" desc="(Ljava/lang/Object;)Ljava/lang/Object;" line="143"><counter type="INSTRUCTION" missed="0" covered="8"/><counter type="BRANCH" missed="0" covered="2"/><counter type="LINE" missed="0" covered="1"/><counter type="COMPLEXITY" missed="0" covered="2"/><counter type="METHOD" missed="0" covered="1"/></method><method name="set" desc="(Ljava/lang/Object;)Lcom/globaltcad/swingtree/api/mvvm/Var;" line="151"><counter type="INSTRUCTION" missed="0" covered="9"/><counter type="BRANCH" missed="0" covered="2"/><counter type="LINE" missed="0" covered="2"/><counter type="COMPLEXITY" missed="0" covered="2"/><counter type="METHOD" missed="0" covered="1"/></method><method name="_setInternal" desc="(Ljava/lang/Object;)Z" line="156"><counter type="INSTRUCTION" missed="10" covered="47"/><counter type="BRANCH" missed="3" covered="9"/><counter type="LINE" missed="2" covered="9"/><counter type="COMPLEXITY" missed="3" covered="4"/><counter type="METHOD" missed="0" covered="1"/></method><method name="onShowThis" desc="(Lcom/globaltcad/swingtree/api/mvvm/DisplayAction;)Lcom/globaltcad/swingtree/api/mvvm/Val;" line="182"><counter type="INSTRUCTION" missed="0" covered="7"/><counter type="LINE" missed="0" covered="2"/><counter type="COMPLEXITY" missed="0" covered="1"/><counter type="METHOD" missed="0" covered="1"/></method><method name="show" desc="()Lcom/globaltcad/swingtree/api/mvvm/Val;" line="191"><counter type="INSTRUCTION" missed="8" covered="37"/><counter type="BRANCH" missed="1" covered="3"/><counter type="LINE" missed="3" covered="8"/><counter type="COMPLEXITY" missed="1" covered="2"/><counter type="METHOD" missed="0" covered="1"/></method><method name="allowsNull" desc="()Z" line="210"><counter type="INSTRUCTION" missed="0" covered="3"/><counter type="LINE" missed="0" covered="1"/><counter type="COMPLEXITY" missed="0" covered="1"/><counter type="METHOD" missed="0" covered="1"/></method><method name="toString" desc="()Ljava/lang/String;" line="214"><counter type="INSTRUCTION" missed="6" covered="77"/><counter type="BRANCH" missed="3" covered="11"/><counter type="LINE" missed="0" covered="8"/><counter type="COMPLEXITY" missed="3" covered="5"/><counter type="METHOD" missed="0" covered="1"/></method><method name="equals" desc="(Ljava/lang/Object;)Z" line="231"><counter type="INSTRUCTION" missed="7" covered="33"/><counter type="BRANCH" missed="4" covered="8"/><counter type="LINE" missed="1" covered="7"/><counter type="COMPLEXITY" missed="4" covered="3"/><counter type="METHOD" missed="0" covered="1"/></method><method name="hashCode" desc="()I" line="244"><counter type="INSTRUCTION" missed="4" covered="39"/><counter type="BRANCH" missed="2" covered="4"/><counter type="LINE" missed="0" covered="5"/><counter type="COMPLEXITY" missed="2" covered="2"/><counter type="METHOD" missed="0" covered="1"/></method><method name="lambda$show$1" desc="(Lcom/globaltcad/swingtree/api/mvvm/DisplayAction;Lcom/globaltcad/swingtree/api/mvvm/ActionDelegate;)V" line="198"><counter type="INSTRUCTION" missed="0" covered="4"/><counter type="LINE" missed="0" covered="1"/><counter type="COMPLEXITY" missed="0" covered="1"/><counter type="METHOD" missed="0" covered="1"/></method><method name="lambda$new$0" desc="(Lcom/globaltcad/swingtree/api/mvvm/ActionDelegate;)V" line="44"><counter type="INSTRUCTION" missed="0" covered="1"/><counter type="LINE" missed="0" covered="1"/><counter type="COMPLEXITY" missed="0" covered="1"/><counter type="METHOD" missed="0" covered="1"/></method><counter type="INSTRUCTION" missed="40" covered="451"/><counter type="BRANCH" missed="14" covered="52"/><counter type="LINE" missed="7" covered="81"/><counter type="COMPLEXITY" missed="14" covered="41"/><counter type="METHOD" missed="0" covered="22"/><counter type="CLASS" missed="0" covered="1"/></class><sourcefile name="Var.java"><line nr="56" mi="0" ci="17" mb="0" cb="0"/><line nr="72" mi="0" ci="3" mb="0" cb="0"/><line nr="73" mi="0" ci="18" mb="0" cb="0"/><counter type="INSTRUCTION" missed="0" covered="38"/><counter type="LINE" missed="0" covered="3"/><counter type="COMPLEXITY" missed="0" covered="4"/><counter type="METHOD" missed="0" covered="4"/><counter type="CLASS" missed="0" covered="3"/></sourcefile><sourcefile name="Val.java"><line nr="45" mi="0" ci="4" mb="0" cb="0"/><line nr="58" mi="0" ci="3" mb="0" cb="0"/><line nr="73" mi="0" ci="3" mb="0" cb="0"/><line nr="93" mi="0" ci="5" mb="0" cb="0"/><line nr="106" mi="9" ci="0" mb="2" cb="0"/><line nr="115" mi="0" ci="4" mb="0" cb="0"/><line nr="139" mi="0" ci="7" mb="0" cb="2"/><line nr="150" mi="0" ci="3" mb="1" cb="1"/><line nr="151" mi="0" ci="4" mb="0" cb="0"/><line nr="152" mi="0" ci="1" mb="0" cb="0"/><line nr="166" mi="3" ci="0" mb="2" cb="0"/><line nr="167" mi="5" ci="0" mb="0" cb="0"/><line nr="169" mi="2" ci="0" mb="0" cb="0"/><line nr="170" mi="1" ci="0" mb="0" cb="0"/><line nr="185" mi="3" ci="0" mb="0" cb="0"/><line nr="186" mi="5" ci="0" mb="2" cb="0"/><line nr="189" mi="4" ci="0" mb="0" cb="0"/><line nr="190" mi="4" ci="0" mb="0" cb="0"/><line nr="202" mi="0" ci="3" mb="0" cb="2"/><line nr="203" mi="0" ci="4" mb="0" cb="0"/><line nr="205" mi="0" ci="5" mb="0" cb="0"/><line nr="206" mi="0" ci="2" mb="1" cb="1"/><line nr="207" mi="4" ci="0" mb="0" cb="0"/><line nr="208" mi="0" ci="3" mb="0" cb="0"/><line nr="218" mi="7" ci="0" mb="0" cb="0"/><line nr="226" mi="4" ci="0" mb="0" cb="0"/><line nr="235" mi="4" ci="0" mb="0" cb="0"/><line nr="236" mi="4" ci="0" mb="0" cb="0"/><line nr="261" mi="1" ci="6" mb="1" cb="1"/><line nr="266" mi="2" ci="7" mb="1" cb="1"/><line nr="281" mi="0" ci="4" mb="0" cb="0"/><line nr="303" mi="0" ci="12" mb="0" cb="0"/><line nr="337" mi="6" ci="3" mb="1" cb="1"/><line nr="338" mi="0" ci="9" mb="0" cb="2"/><line nr="339" mi="6" ci="3" mb="1" cb="1"/><line nr="340" mi="6" ci="3" mb="1" cb="1"/><line nr="341" mi="6" ci="3" mb="1" cb="1"/><line nr="342" mi="6" ci="3" mb="1" cb="1"/><line nr="343" mi="6" ci="3" mb="1" cb="1"/><line nr="344" mi="6" ci="3" mb="1" cb="1"/><line nr="345" mi="6" ci="3" mb="1" cb="1"/><line nr="346" mi="0" ci="4" mb="0" cb="0"/><line nr="360" mi="4" ci="3" mb="1" cb="1"/><line nr="361" mi="0" ci="7" mb="0" cb="2"/><line nr="362" mi="4" ci="3" mb="1" cb="1"/><line nr="363" mi="4" ci="3" mb="1" cb="1"/><line nr="364" mi="4" ci="3" mb="1" cb="1"/><line nr="365" mi="4" ci="3" mb="1" cb="1"/><line nr="366" mi="4" ci="3" mb="1" cb="1"/><line nr="367" mi="4" ci="3" mb="1" cb="1"/><line nr="368" mi="4" ci="3" mb="1" cb="1"/><line nr="369" mi="0" ci="3" mb="0" cb="0"/><counter type="INSTRUCTION" missed="142" covered="151"/><counter type="BRANCH" missed="26" covered="28"/><counter type="LINE" missed="14" covered="38"/><counter type="COMPLEXITY" missed="29" covered="19"/><counter type="METHOD" missed="6" covered="15"/><counter type="CLASS" missed="0" covered="1"/></sourcefile><sourcefile name="ActionDelegate.java"><line nr="24" mi="3" ci="0" mb="0" cb="0"/><line nr="34" mi="3" ci="0" mb="0" cb="0"/><line nr="41" mi="0" ci="6" mb="0" cb="2"/><line nr="42" mi="5" ci="2" mb="1" cb="1"/><line nr="43" mi="0" ci="1" mb="0" cb="0"/><line nr="46" mi="0" ci="3" mb="0" cb="0"/><line nr="47" mi="0" ci="6" mb="0" cb="2"/><line nr="48" mi="0" ci="7" mb="0" cb="0"/><line nr="55" mi="4" ci="0" mb="0" cb="0"/><line nr="61" mi="0" ci="5" mb="0" cb="0"/><counter type="INSTRUCTION" missed="15" covered="30"/><counter type="BRANCH" missed="1" covered="5"/><counter type="LINE" missed="3" covered="7"/><counter type="COMPLEXITY" missed="4" covered="4"/><counter type="METHOD" missed="3" covered="2"/><counter type="CLASS" missed="0" covered="1"/></sourcefile><sourcefile name="PropertyAction.java"/><sourcefile name="AbstractVariable.java"><line nr="16" mi="0" ci="5" mb="0" cb="0"/><line nr="18" mi="0" ci="6" mb="0" cb="0"/><line nr="29" mi="0" ci="8" mb="0" cb="0"/><line nr="30" mi="0" ci="1" mb="0" cb="0"/><line nr="39" mi="0" ci="2" mb="0" cb="0"/><line nr="40" mi="0" ci="3" mb="0" cb="0"/><line nr="41" mi="0" ci="3" mb="0" cb="0"/><line nr="42" mi="0" ci="8" mb="0" cb="2"/><line nr="43" mi="0" ci="3" mb="0" cb="0"/><line nr="44" mi="0" ci="8" mb="0" cb="2"/><line nr="45" mi="0" ci="3" mb="0" cb="2"/><line nr="47" mi="0" ci="6" mb="1" cb="1"/><line nr="48" mi="5" ci="0" mb="0" cb="0"/><line nr="52" mi="0" ci="5" mb="0" cb="0"/><line nr="53" mi="0" ci="3" mb="0" cb="0"/><line nr="54" mi="0" ci="1" mb="0" cb="0"/><line nr="59" mi="0" ci="3" mb="0" cb="0"/><line nr="64" mi="0" ci="3" mb="0" cb="0"/><line nr="70" mi="0" ci="24" mb="0" cb="0"/><line nr="71" mi="0" ci="6" mb="0" cb="0"/><line nr="72" mi="0" ci="2" mb="0" cb="0"/><line nr="79" mi="0" ci="3" mb="0" cb="0"/><line nr="80" mi="0" ci="25" mb="0" cb="0"/><line nr="81" mi="0" ci="6" mb="0" cb="0"/><line nr="82" mi="0" ci="2" mb="0" cb="0"/><line nr="89" mi="0" ci="5" mb="0" cb="0"/><line nr="90" mi="0" ci="2" mb="0" cb="0"/><line nr="96" mi="0" ci="26" mb="0" cb="0"/><line nr="97" mi="0" ci="6" mb="0" cb="0"/><line nr="98" mi="0" ci="6" mb="0" cb="0"/><line nr="99" mi="0" ci="2" mb="0" cb="0"/><line nr="100" mi="0" ci="19" mb="0" cb="0"/><line nr="101" mi="0" ci="3" mb="0" cb="0"/><line nr="104" mi="0" ci="4" mb="1" cb="1"/><line nr="105" mi="6" ci="0" mb="0" cb="0"/><line nr="106" mi="0" ci="6" mb="0" cb="0"/><line nr="109" mi="0" ci="4" mb="0" cb="0"/><line nr="117" mi="0" ci="4" mb="0" cb="2"/><line nr="118" mi="0" ci="3" mb="0" cb="0"/><line nr="119" mi="0" ci="2" mb="0" cb="0"/><line nr="128" mi="0" ci="3" mb="0" cb="2"/><line nr="129" mi="0" ci="5" mb="0" cb="0"/><line nr="131" mi="0" ci="3" mb="0" cb="0"/><line nr="137" mi="0" ci="7" mb="0" cb="2"/><line nr="143" mi="0" ci="8" mb="0" cb="2"/><line nr="151" mi="0" ci="7" mb="0" cb="2"/><line nr="152" mi="0" ci="2" mb="0" cb="0"/><line nr="156" mi="0" ci="5" mb="0" cb="4"/><line nr="157" mi="0" ci="5" mb="0" cb="0"/><line nr="162" mi="0" ci="5" mb="0" cb="2"/><line nr="164" mi="0" ci="8" mb="2" cb="2"/><line nr="165" mi="5" ci="0" mb="0" cb="0"/><line nr="169" mi="0" ci="12" mb="0" cb="0"/><line nr="170" mi="0" ci="5" mb="1" cb="1"/><line nr="171" mi="5" ci="0" mb="0" cb="0"/><line nr="172" mi="0" ci="3" mb="0" cb="0"/><line nr="173" mi="0" ci="2" mb="0" cb="0"/><line nr="175" mi="0" ci="2" mb="0" cb="0"/><line nr="182" mi="0" ci="5" mb="0" cb="0"/><line nr="183" mi="0" ci="2" mb="0" cb="0"/><line nr="191" mi="0" ci="4" mb="0" cb="0"/><line nr="192" mi="0" ci="14" mb="0" cb="2"/><line nr="194" mi="0" ci="3" mb="1" cb="1"/><line nr="195" mi="5" ci="0" mb="0" cb="0"/><line nr="197" mi="0" ci="3" mb="0" cb="0"/><line nr="198" mi="0" ci="8" mb="0" cb="0"/><line nr="200" mi="1" ci="0" mb="0" cb="0"/><line nr="201" mi="2" ci="0" mb="0" cb="0"/><line nr="202" mi="0" ci="2" mb="0" cb="0"/><line nr="203" mi="0" ci="5" mb="0" cb="0"/><line nr="204" mi="0" ci="2" mb="0" cb="0"/><line nr="210" mi="0" ci="3" mb="0" cb="0"/><line nr="214" mi="0" ci="7" mb="0" cb="0"/><line nr="215" mi="2" ci="6" mb="1" cb="1"/><line nr="216" mi="0" ci="6" mb="0" cb="2"/><line nr="217" mi="2" ci="7" mb="1" cb="1"/><line nr="218" mi="2" ci="4" mb="1" cb="1"/><line nr="219" mi="0" ci="18" mb="0" cb="4"/><line nr="220" mi="0" ci="12" mb="0" cb="2"/><line nr="221" mi="0" ci="17" mb="0" cb="0"/><line nr="231" mi="2" ci="2" mb="1" cb="1"/><line nr="232" mi="2" ci="3" mb="1" cb="1"/><line nr="233" mi="0" ci="3" mb="1" cb="1"/><line nr="234" mi="0" ci="3" mb="0" cb="0"/><line nr="235" mi="0" ci="7" mb="0" cb="2"/><line nr="236" mi="1" ci="9" mb="1" cb="3"/><line nr="237" mi="0" ci="6" mb="0" cb="0"/><line nr="239" mi="2" ci="0" mb="0" cb="0"/><line nr="244" mi="0" ci="2" mb="0" cb="0"/><line nr="245" mi="0" ci="13" mb="0" cb="2"/><line nr="246" mi="2" ci="11" mb="1" cb="1"/><line nr="247" mi="2" ci="11" mb="1" cb="1"/><line nr="248" mi="0" ci="2" mb="0" cb="0"/><counter type="INSTRUCTION" missed="46" covered="513"/><counter type="BRANCH" missed="15" covered="53"/><counter type="LINE" missed="8" covered="85"/><counter type="COMPLEXITY" missed="15" covered="48"/><counter type="METHOD" missed="0" covered="29"/><counter type="CLASS" missed="0" covered="5"/></sourcefile><sourcefile name="DisplayAction.java"><line nr="8" mi="0" ci="2" mb="0" cb="0"/><counter type="INSTRUCTION" missed="0" covered="2"/><counter type="LINE" missed="0" covered="1"/><counter type="COMPLEXITY" missed="0" covered="1"/><counter type="METHOD" missed="0" covered="1"/><counter type="CLASS" missed="0" covered="1"/></sourcefile><counter type="INSTRUCTION" missed="203" covered="734"/><counter type="BRANCH" missed="42" covered="86"/><counter type="LINE" missed="25" covered="134"/><counter type="COMPLEXITY" missed="48" covered="76"/><counter type="METHOD" missed="9" covered="51"/><counter type="CLASS" missed="0" covered="11"/></package><package name="com/globaltcad/swingtree/layout"><class name="com/globaltcad/swingtree/layout/CompAttr" sourcefilename="CompAttr.java"><method name="of" desc="([Ljava/lang/String;)Lcom/globaltcad/swingtree/layout/CompAttr;" line="8"><counter type="INSTRUCTION" missed="0" covered="5"/><counter type="LINE" missed="0" covered="1"/><counter type="COMPLEXITY" missed="0" covered="1"/><counter type="METHOD" missed="0" covered="1"/></method><method name="&lt;init&gt;" desc="([Ljava/lang/String;)V" line="11"><counter type="INSTRUCTION" missed="0" covered="4"/><counter type="LINE" missed="0" covered="2"/><counter type="COMPLEXITY" missed="0" covered="1"/><counter type="METHOD" missed="0" covered="1"/></method><method name="&lt;init&gt;" desc="()V" line="15"><counter type="INSTRUCTION" missed="0" covered="5"/><counter type="LINE" missed="0" covered="2"/><counter type="COMPLEXITY" missed="0" covered="1"/><counter type="METHOD" missed="0" covered="1"/></method><method name="and" desc="(Lcom/globaltcad/swingtree/layout/CompAttr;)Lcom/globaltcad/swingtree/layout/CompAttr;" line="19"><counter type="INSTRUCTION" missed="0" covered="8"/><counter type="LINE" missed="0" covered="1"/><counter type="COMPLEXITY" missed="0" covered="1"/><counter type="METHOD" missed="0" covered="1"/></method><counter type="INSTRUCTION" missed="0" covered="22"/><counter type="LINE" missed="0" covered="6"/><counter type="COMPLEXITY" missed="0" covered="4"/><counter type="METHOD" missed="0" covered="4"/><counter type="CLASS" missed="0" covered="1"/></class><class name="com/globaltcad/swingtree/layout/LayoutAttr" sourcefilename="LayoutAttr.java"><method name="of" desc="([Ljava/lang/String;)Lcom/globaltcad/swingtree/layout/LayoutAttr;" line="8"><counter type="INSTRUCTION" missed="0" covered="5"/><counter type="LINE" missed="0" covered="1"/><counter type="COMPLEXITY" missed="0" covered="1"/><counter type="METHOD" missed="0" covered="1"/></method><method name="&lt;init&gt;" desc="([Ljava/lang/String;)V" line="11"><counter type="INSTRUCTION" missed="0" covered="4"/><counter type="LINE" missed="0" covered="2"/><counter type="COMPLEXITY" missed="0" covered="1"/><counter type="METHOD" missed="0" covered="1"/></method><method name="&lt;init&gt;" desc="()V" line="15"><counter type="INSTRUCTION" missed="0" covered="5"/><counter type="LINE" missed="0" covered="2"/><counter type="COMPLEXITY" missed="0" covered="1"/><counter type="METHOD" missed="0" covered="1"/></method><method name="and" desc="(Lcom/globaltcad/swingtree/layout/LayoutAttr;)Lcom/globaltcad/swingtree/layout/LayoutAttr;" line="19"><counter type="INSTRUCTION" missed="0" covered="8"/><counter type="LINE" missed="0" covered="1"/><counter type="COMPLEXITY" missed="0" covered="1"/><counter type="METHOD" missed="0" covered="1"/></method><counter type="INSTRUCTION" missed="0" covered="22"/><counter type="LINE" missed="0" covered="6"/><counter type="COMPLEXITY" missed="0" covered="4"/><counter type="METHOD" missed="0" covered="4"/><counter type="CLASS" missed="0" covered="1"/></class><class name="com/globaltcad/swingtree/layout/AbstractAttr" sourcefilename="AbstractAttr.java"><method name="&lt;init&gt;" desc="([Ljava/lang/String;)V" line="16"><counter type="INSTRUCTION" missed="0" covered="14"/><counter type="LINE" missed="0" covered="4"/><counter type="COMPLEXITY" missed="0" covered="1"/><counter type="METHOD" missed="0" covered="1"/></method><method name="_and" desc="(Lcom/globaltcad/swingtree/layout/AbstractAttr;Lcom/globaltcad/swingtree/layout/AbstractAttr;)Lcom/globaltcad/swingtree/layout/AbstractAttr;" line="22"><counter type="INSTRUCTION" missed="0" covered="14"/><counter type="LINE" missed="0" covered="3"/><counter type="COMPLEXITY" missed="0" covered="1"/><counter type="METHOD" missed="0" covered="1"/></method><method name="toString" desc="()Ljava/lang/String;" line="28"><counter type="INSTRUCTION" missed="0" covered="8"/><counter type="LINE" missed="0" covered="1"/><counter type="COMPLEXITY" missed="0" covered="1"/><counter type="METHOD" missed="0" covered="1"/></method><counter type="INSTRUCTION" missed="0" covered="36"/><counter type="LINE" missed="0" covered="8"/><counter type="COMPLEXITY" missed="0" covered="3"/><counter type="METHOD" missed="0" covered="3"/><counter type="CLASS" missed="0" covered="1"/></class><sourcefile name="LayoutAttr.java"><line nr="8" mi="0" ci="5" mb="0" cb="0"/><line nr="11" mi="0" ci="3" mb="0" cb="0"/><line nr="12" mi="0" ci="1" mb="0" cb="0"/><line nr="15" mi="0" ci="4" mb="0" cb="0"/><line nr="16" mi="0" ci="1" mb="0" cb="0"/><line nr="19" mi="0" ci="8" mb="0" cb="0"/><counter type="INSTRUCTION" missed="0" covered="22"/><counter type="LINE" missed="0" covered="6"/><counter type="COMPLEXITY" missed="0" covered="4"/><counter type="METHOD" missed="0" covered="4"/><counter type="CLASS" missed="0" covered="1"/></sourcefile><sourcefile name="CompAttr.java"><line nr="8" mi="0" ci="5" mb="0" cb="0"/><line nr="11" mi="0" ci="3" mb="0" cb="0"/><line nr="12" mi="0" ci="1" mb="0" cb="0"/><line nr="15" mi="0" ci="4" mb="0" cb="0"/><line nr="16" mi="0" ci="1" mb="0" cb="0"/><line nr="19" mi="0" ci="8" mb="0" cb="0"/><counter type="INSTRUCTION" missed="0" covered="22"/><counter type="LINE" missed="0" covered="6"/><counter type="COMPLEXITY" missed="0" covered="4"/><counter type="METHOD" missed="0" covered="4"/><counter type="CLASS" missed="0" covered="1"/></sourcefile><sourcefile name="AbstractAttr.java"><line nr="16" mi="0" ci="2" mb="0" cb="0"/><line nr="17" mi="0" ci="5" mb="0" cb="0"/><line nr="18" mi="0" ci="6" mb="0" cb="0"/><line nr="19" mi="0" ci="1" mb="0" cb="0"/><line nr="22" mi="0" ci="6" mb="0" cb="0"/><line nr="23" mi="0" ci="6" mb="0" cb="0"/><line nr="24" mi="0" ci="2" mb="0" cb="0"/><line nr="28" mi="0" ci="8" mb="0" cb="0"/><counter type="INSTRUCTION" missed="0" covered="36"/><counter type="LINE" missed="0" covered="8"/><counter type="COMPLEXITY" missed="0" covered="3"/><counter type="METHOD" missed="0" covered="3"/><counter type="CLASS" missed="0" covered="1"/></sourcefile><counter type="INSTRUCTION" missed="0" covered="80"/><counter type="LINE" missed="0" covered="20"/><counter type="COMPLEXITY" missed="0" covered="11"/><counter type="METHOD" missed="0" covered="11"/><counter type="CLASS" missed="0" covered="3"/></package><counter type="INSTRUCTION" missed="8784" covered="10083"/><counter type="BRANCH" missed="580" covered="395"/><counter type="LINE" missed="1287" covered="1703"/><counter type="COMPLEXITY" missed="977" covered="785"/><counter type="METHOD" missed="577" covered="686"/><counter type="CLASS" missed="22" covered="110"/></report>